[2017-07-12 14:12:13] /shop/index.php?con=store_goods_add&fun=image_upload&upload_type=uploadedfile ( con=store_goods_add&fun=image_upload ) 
ERR: Db Error: Column 'aclass_id' cannot be null
INSERT  INTO `shop_album_pic` (apic_name,apic_tag,aclass_id,apic_cover,apic_size,apic_spec,upload_time,store_id) VALUES ('1','',NULL,'244_05531839331545252.jpg','91168','800x800','1499839933','244')
[2017-07-12 14:15:14] /shop/index.php?con=store_goods_add&fun=save_goods ( con=store_goods_add&fun=save_goods ) 
ERR: Db Error: Column 'video_class_id' cannot be null
INSERT  INTO `shop_video_album` (video_name,video_tag,video_class_id,video_cover,video_size,upload_time,store_id) VALUES ('','',NULL,NULL,'0','1499840114','244')
[2017-07-12 14:15:18] /shop/index.php?con=store_goods_add&fun=image_upload ( con=store_goods_add&fun=image_upload ) 
ERR: Db Error: Column 'aclass_id' cannot be null
INSERT  INTO `shop_album_pic` (apic_name,apic_tag,aclass_id,apic_cover,apic_size,apic_spec,upload_time,store_id) VALUES ('2','',NULL,'244_05531841179656188.jpg','57078','800x800','1499840117','244')
[2017-07-12 14:15:33] /shop/index.php?con=store_goods_add&fun=image_upload ( con=store_goods_add&fun=image_upload ) 
ERR: Db Error: Column 'aclass_id' cannot be null
INSERT  INTO `shop_album_pic` (apic_name,apic_tag,aclass_id,apic_cover,apic_size,apic_spec,upload_time,store_id) VALUES ('3','',NULL,'244_05531841336207709.jpg','72240','800x800','1499840133','244')
[2017-07-12 14:15:58] /shop/index.php?con=store_goods_add&fun=image_upload ( con=store_goods_add&fun=image_upload ) 
ERR: Db Error: Column 'aclass_id' cannot be null
INSERT  INTO `shop_album_pic` (apic_name,apic_tag,aclass_id,apic_cover,apic_size,apic_spec,upload_time,store_id) VALUES ('2','',NULL,'244_05531841584153741.jpg','57078','800x800','1499840158','244')
[2017-07-12 14:16:12] /shop/index.php?con=store_goods_add&fun=image_upload ( con=store_goods_add&fun=image_upload ) 
ERR: Db Error: Column 'aclass_id' cannot be null
INSERT  INTO `shop_album_pic` (apic_name,apic_tag,aclass_id,apic_cover,apic_size,apic_spec,upload_time,store_id) VALUES ('5','',NULL,'244_05531841726299038.jpg','71918','800x800','1499840172','244')
[2017-07-12 14:21:35] /shop/index.php?con=store_goods_add&fun=image_upload ( con=store_goods_add&fun=image_upload ) 
ERR: Db Error: Column 'aclass_id' cannot be null
INSERT  INTO `shop_album_pic` (apic_name,apic_tag,aclass_id,apic_cover,apic_size,apic_spec,upload_time,store_id) VALUES ('2','',NULL,'2017/07/244_05531844946947375.jpg','57078','800x800','1499840494','244')
[2017-07-12 14:21:39] /shop/index.php?con=store_goods_add&fun=image_upload ( con=store_goods_add&fun=image_upload ) 
ERR: Db Error: Column 'aclass_id' cannot be null
INSERT  INTO `shop_album_pic` (apic_name,apic_tag,aclass_id,apic_cover,apic_size,apic_spec,upload_time,store_id) VALUES ('3','',NULL,'2017/07/244_05531844989786874.jpg','72240','800x800','1499840498','244')
[2017-07-12 14:21:57] /shop/index.php?con=store_goods_add&fun=image_upload ( con=store_goods_add&fun=image_upload ) 
ERR: Db Error: Column 'aclass_id' cannot be null
INSERT  INTO `shop_album_pic` (apic_name,apic_tag,aclass_id,apic_cover,apic_size,apic_spec,upload_time,store_id) VALUES ('4','',NULL,'2017/244_05531845175201267.jpg','63857','800x800','1499840517','244')
[2017-07-12 14:22:03] /shop/index.php?con=store_goods_add&fun=image_upload ( con=store_goods_add&fun=image_upload ) 
ERR: Db Error: Column 'aclass_id' cannot be null
INSERT  INTO `shop_album_pic` (apic_name,apic_tag,aclass_id,apic_cover,apic_size,apic_spec,upload_time,store_id) VALUES ('2','',NULL,'2017/244_05531845229046008.jpg','57078','800x800','1499840522','244')
[2017-07-12 14:22:40] /shop/index.php?con=store_goods_add&fun=image_upload ( con=store_goods_add&fun=image_upload ) 
ERR: Db Error: Column 'aclass_id' cannot be null
INSERT  INTO `shop_album_pic` (apic_name,apic_tag,aclass_id,apic_cover,apic_size,apic_spec,upload_time,store_id) VALUES ('2','',NULL,'244_05531845599630639.jpg','57078','800x800','1499840559','244')
[2017-07-12 14:31:54] /shop/index.php?con=store_goods_add&fun=save_goods ( con=store_goods_add&fun=save_goods ) 
ERR: Db Error: Column 'video_class_id' cannot be null
INSERT  INTO `shop_video_album` (video_name,video_tag,video_class_id,video_cover,video_size,upload_time,store_id) VALUES ('','',NULL,NULL,'0','1499841114','244')
