[2017-12-29 10:50:37] /kaice/shop/index.php?con=visual_editing&fun=shop_banner ( con=visual_editing&fun=shop_banner ) 
ERR: Db Error: You have an error in your SQL syntax; check the manual that corresponds to your MySQL server version for the right syntax to use near 'WHERE 1' at line 1
SELECT album_id,album_mame FROMshop_gallery_album WHERE 1 
[2017-12-29 11:01:52] /kaice/shop/index.php?con=visual_editing&fun=shop_banner ( con=visual_editing&fun=shop_banner ) 
ERR: Db Error: You have an error in your SQL syntax; check the manual that corresponds to your MySQL server version for the right syntax to use near 'WHERE 1' at line 1
SELECT album_id,album_mame FROMshop_gallery_album WHERE 1 
[2017-12-29 11:09:40] /kaice/shop/index.php?con=visual_editing&fun=shop_banner ( con=visual_editing&fun=shop_banner ) 
ERR: Db Error: You have an error in your SQL syntax; check the manual that corresponds to your MySQL server version for the right syntax to use near 'WHERE 1' at line 1
SELECT album_id,album_mame FROMshop_gallery_album WHERE 1 
[2017-12-29 11:10:02] /kaice/shop/index.php?con=visual_editing&fun=shop_banner ( con=visual_editing&fun=shop_banner ) 
ERR: Db Error: You have an error in your SQL syntax; check the manual that corresponds to your MySQL server version for the right syntax to use near 'WHERE 1' at line 1
SELECT album_id,album_mame FROMshop_gallery_album WHERE 1 
[2017-12-29 14:03:16] /kaice/shop/index.php?con=visual_editing&fun=shop_banner ( con=visual_editing&fun=shop_banner ) 
ERR: Db Error: You have an error in your SQL syntax; check the manual that corresponds to your MySQL server version for the right syntax to use near 'WHERE 1' at line 1
SELECT album_id,album_mame FROMshop_gallery_album WHERE 1 
[2017-12-29 14:15:46] /kaice/shop/index.php?con=visual_editing&fun=shop_banner ( con=visual_editing&fun=shop_banner ) 
ERR: Db Error: You have an error in your SQL syntax; check the manual that corresponds to your MySQL server version for the right syntax to use near 'WHERE 1' at line 1
SELECT album_id,album_mame FROMshop_gallery_album WHERE 1 
[2017-12-29 15:50:56] /kaice/shop/index.php?con=visual_editing&fun=shop_banner ( con=visual_editing&fun=shop_banner ) 
ERR: Db Error: You have an error in your SQL syntax; check the manual that corresponds to your MySQL server version for the right syntax to use near 'WHERE 1 AND ru_id = '242'' at line 1
SELECT album_id,album_mame FROMshop_gallery_album WHERE 1 AND ru_id = '242' 
[2017-12-29 15:54:05] /kaice/shop/index.php?con=visual_editing&fun=shop_banner ( con=visual_editing&fun=shop_banner ) 
ERR: Db Error: You have an error in your SQL syntax; check the manual that corresponds to your MySQL server version for the right syntax to use near 'WHERE 1 AND ru_id = '242'' at line 1
SELECT album_id,album_mame FROMshop_gallery_album WHERE 1 AND ru_id = '242' 
[2017-12-29 15:54:51] /kaice/shop/index.php?con=visual_editing&fun=shop_banner ( con=visual_editing&fun=shop_banner ) 
ERR: Db Error: You have an error in your SQL syntax; check the manual that corresponds to your MySQL server version for the right syntax to use near 'WHERE 1 AND ru_id = '242'' at line 1
SELECT album_id,album_mame FROMshop_gallery_album WHERE 1 AND ru_id = '242' 
[2017-12-29 16:03:34] /kaice/shop/index.php?&con=visual_editing&fun=add_albun_pic ( con=visual_editing&fun=add_albun_pic ) 
ERR: Db Error: You have an error in your SQL syntax; check the manual that corresponds to your MySQL server version for the right syntax to use near '' at line 1
SELECT COUNT(*) FROM shop_gallery_album WHERE album_mame = '33' AND ru_id = 
[2017-12-29 16:04:49] /kaice/shop/index.php?&con=visual_editing&fun=add_albun_pic ( con=visual_editing&fun=add_albun_pic ) 
ERR: Db Error: You have an error in your SQL syntax; check the manual that corresponds to your MySQL server version for the right syntax to use near '' at line 1
SELECT COUNT(*) FROM shop_gallery_album WHERE album_mame = '3' AND ru_id = 
[2017-12-29 16:05:50] /kaice/shop/index.php?&con=visual_editing&fun=add_albun_pic ( con=visual_editing&fun=add_albun_pic ) 
ERR: Db Error: You have an error in your SQL syntax; check the manual that corresponds to your MySQL server version for the right syntax to use near '' at line 1
SELECT COUNT(*) FROM shop_gallery_album WHERE album_mame = '33' AND ru_id = 
[2017-12-29 16:21:21] /kaice/shop/index.php?&con=visual_editing&fun=add_albun_pic ( con=visual_editing&fun=add_albun_pic ) 
ERR: Db Error: Table 'xinshop1.intoshop_gallery_album' doesn't exist
INSERT INTOshop_gallery_album(`album_mame`,`album_cover`,`album_desc`,`sort_order`,`add_time`,`ru_id`) VALUES ('3','','33','50','1514506881','242')
[2017-12-29 16:22:01] /kaice/shop/index.php?&con=visual_editing&fun=add_albun_pic ( con=visual_editing&fun=add_albun_pic ) 
ERR: Db Error: Table 'xinshop1.intoshop_gallery_album' doesn't exist
INSERT INTOshop_gallery_album(`album_mame`,`album_cover`,`album_desc`,`sort_order`,`add_time`,`ru_id`) VALUES ('44','','44','50','1514506921','242')
[2017-12-29 16:34:21] /kaice/shop/index.php?&con=visual_editing&fun=add_albun_pic ( con=visual_editing&fun=add_albun_pic ) 
ERR: Db Error: Column 'album_cover' cannot be null
INSERT  INTO `shop_gallery_album` (album_mame,album_cover,album_desc,sort_order,add_time,ru_id) VALUES ('测试',NULL,'测试测试测试','50','1514507661','242')
[2017-12-29 16:34:57] /kaice/shop/index.php?&con=visual_editing&fun=add_albun_pic ( con=visual_editing&fun=add_albun_pic ) 
ERR: Db Error: Column 'album_cover' cannot be null
INSERT  INTO `shop_gallery_album` (album_mame,album_cover,album_desc,sort_order,add_time,ru_id) VALUES ('啊啊',NULL,'啊','50','1514507697','242')
[2017-12-29 16:37:50] /kaice/shop/index.php?&con=visual_editing&fun=add_albun_pic ( con=visual_editing&fun=add_albun_pic ) 
ERR: Db Error: Column 'album_cover' cannot be null
INSERT  INTO `shop_gallery_album` (album_mame,album_cover,album_desc,sort_order,add_time,ru_id) VALUES ('333',NULL,'3','50','1514507870','242')
[2017-12-29 16:38:28] /kaice/shop/index.php?&con=visual_editing&fun=add_albun_pic ( con=visual_editing&fun=add_albun_pic ) 
ERR: Db Error: Column 'album_cover' cannot be null
INSERT  INTO `shop_gallery_album` (album_mame,album_cover,album_desc,sort_order,add_time,ru_id) VALUES ('333',NULL,'3','50','1514507908','242')
[2017-12-29 16:39:05] /kaice/shop/index.php?&con=visual_editing&fun=add_albun_pic ( con=visual_editing&fun=add_albun_pic ) 
ERR: Db Error: Column 'album_cover' cannot be null
INSERT  INTO `shop_gallery_album` (album_mame,album_cover,album_desc,sort_order,add_time,ru_id) VALUES ('',NULL,'','50','1514507945','242')
[2017-12-29 16:45:20] /kaice/shop/index.php?&con=visual_editing&fun=add_albun_pic ( con=visual_editing&fun=add_albun_pic ) 
ERR: Db Error: You have an error in your SQL syntax; check the manual that corresponds to your MySQL server version for the right syntax to use near 'WHERE 1 AND ru_id = '242'' at line 1
SELECT album_id,album_mame FROMshop_gallery_album WHERE 1 AND ru_id = '242' 
[2017-12-29 16:49:34] /kaice/shop/index.php?&con=visual_editing&fun=add_albun_pic ( con=visual_editing&fun=add_albun_pic ) 
ERR: Db Error: You have an error in your SQL syntax; check the manual that corresponds to your MySQL server version for the right syntax to use near 'WHERE 1 AND ru_id = '242'' at line 1
SELECT album_id,album_mame FROMshop_gallery_album WHERE 1 AND ru_id = '242' 
[2017-12-29 16:51:08] /kaice/shop/index.php?&con=visual_editing&fun=add_albun_pic ( con=visual_editing&fun=add_albun_pic ) 
ERR: Db Error: You have an error in your SQL syntax; check the manual that corresponds to your MySQL server version for the right syntax to use near 'WHERE 1 AND ru_id = '242'' at line 1
SELECT album_id,album_mame FROMshop_gallery_album WHERE 1 AND ru_id = '242' 
[2017-12-29 16:51:38] /kaice/shop/index.php?&con=visual_editing&fun=add_albun_pic ( con=visual_editing&fun=add_albun_pic ) 
ERR: Db Error: You have an error in your SQL syntax; check the manual that corresponds to your MySQL server version for the right syntax to use near 'WHERE 1 AND ru_id = '242'' at line 1
SELECT album_id,album_mame FROMshop_gallery_album WHERE 1 AND ru_id = '242' 
[2017-12-29 16:55:20] /kaice/shop/index.php?&con=visual_editing&fun=add_albun_pic ( con=visual_editing&fun=add_albun_pic ) 
ERR: Db Error: You have an error in your SQL syntax; check the manual that corresponds to your MySQL server version for the right syntax to use near 'WHERE 1 AND ru_id = '242'' at line 1
SELECT album_id,album_mame FROMshop_gallery_album WHERE 1 AND ru_id = '242' 
[2017-12-29 17:03:38] /kaice/shop/index.php?con=visual_editing&fun=shop_banner ( con=visual_editing&fun=shop_banner ) 
ERR: Db Error: Unknown column 'store_time' in 'order clause'
SELECT COUNT(*) FROM shop_pic_album WHERE 1 AND album_id = '9' ORDER BY store_time DESC
[2017-12-29 17:03:38] /kaice/shop/index.php?con=visual_editing&fun=shop_banner ( con=visual_editing&fun=shop_banner ) 
ERR: Db Error: Unknown column 'store_time' in 'order clause'
SELECT * FROM shop_pic_album WHERE 1 AND album_id = '9' ORDER BY store_time DESC LIMIT 0,21
[2017-12-29 17:03:43] /kaice/shop/index.php?con=visual_editing&fun=shop_banner ( con=visual_editing&fun=shop_banner ) 
ERR: Db Error: Unknown column 'store_time' in 'order clause'
SELECT COUNT(*) FROM shop_pic_album WHERE 1 AND album_id = '9' ORDER BY store_time DESC
[2017-12-29 17:03:43] /kaice/shop/index.php?con=visual_editing&fun=shop_banner ( con=visual_editing&fun=shop_banner ) 
ERR: Db Error: Unknown column 'store_time' in 'order clause'
SELECT * FROM shop_pic_album WHERE 1 AND album_id = '9' ORDER BY store_time DESC LIMIT 0,21
[2017-12-29 17:04:57] /kaice/shop/index.php?con=visual_editing&fun=shop_banner ( con=visual_editing&fun=shop_banner ) 
ERR: Db Error: Unknown column 'store_time' in 'order clause'
SELECT COUNT(*) FROM shop_pic_album WHERE 1 AND album_id = '9' ORDER BY store_time DESC
[2017-12-29 17:04:57] /kaice/shop/index.php?con=visual_editing&fun=shop_banner ( con=visual_editing&fun=shop_banner ) 
ERR: Db Error: Unknown column 'store_time' in 'order clause'
SELECT * FROM shop_pic_album WHERE 1 AND album_id = '9' ORDER BY store_time DESC LIMIT 0,21
[2017-12-29 18:54:10] /kaice/shop/index.php?con=visual_editing&fun=shop_banner ( con=visual_editing&fun=shop_banner ) 
ERR: Db Error: Unknown column 'store_time' in 'order clause'
SELECT COUNT(*) FROM shop_pic_album WHERE 1 AND album_id = '9' ORDER BY store_time DESC
[2017-12-29 18:54:10] /kaice/shop/index.php?con=visual_editing&fun=shop_banner ( con=visual_editing&fun=shop_banner ) 
ERR: Db Error: Unknown column 'store_time' in 'order clause'
SELECT * FROM shop_pic_album WHERE 1 AND album_id = '9' ORDER BY store_time DESC LIMIT 0,21
[2017-12-29 18:56:49] /kaice/shop/index.php?&con=visual_editing&fun=get_albun_pic&is_ajax=1 ( con=visual_editing&fun=get_albun_pic ) 
ERR: Db Error: Unknown column 'store_time' in 'order clause'
SELECT COUNT(*) FROM shop_pic_album WHERE 1 AND album_id = '16' ORDER BY store_time DESC
[2017-12-29 18:56:49] /kaice/shop/index.php?&con=visual_editing&fun=get_albun_pic&is_ajax=1 ( con=visual_editing&fun=get_albun_pic ) 
ERR: Db Error: Unknown column 'store_time' in 'order clause'
SELECT * FROM shop_pic_album WHERE 1 AND album_id = '16' ORDER BY store_time DESC LIMIT 0,21
[2017-12-29 18:56:57] /kaice/shop/index.php?&con=visual_editing&fun=get_albun_pic&is_ajax=1 ( con=visual_editing&fun=get_albun_pic ) 
ERR: Db Error: Unknown column 'store_time' in 'order clause'
SELECT COUNT(*) FROM shop_pic_album WHERE 1 AND album_id = '16' ORDER BY store_time DESC
[2017-12-29 18:56:57] /kaice/shop/index.php?&con=visual_editing&fun=get_albun_pic&is_ajax=1 ( con=visual_editing&fun=get_albun_pic ) 
ERR: Db Error: Unknown column 'store_time' in 'order clause'
SELECT * FROM shop_pic_album WHERE 1 AND album_id = '16' ORDER BY store_time DESC LIMIT 0,21
[2017-12-29 18:57:09] /kaice/shop/index.php?&con=visual_editing&fun=get_albun_pic&is_ajax=1 ( con=visual_editing&fun=get_albun_pic ) 
ERR: Db Error: Unknown column 'store_time' in 'order clause'
SELECT COUNT(*) FROM shop_pic_album WHERE 1 AND album_id = '16' ORDER BY store_time DESC
[2017-12-29 18:57:09] /kaice/shop/index.php?&con=visual_editing&fun=get_albun_pic&is_ajax=1 ( con=visual_editing&fun=get_albun_pic ) 
ERR: Db Error: Unknown column 'store_time' in 'order clause'
SELECT * FROM shop_pic_album WHERE 1 AND album_id = '16' ORDER BY store_time DESC LIMIT 0,21
[2017-12-29 19:16:13] /kaice/shop/index.php?con=visual_editing&fun=shop_banner ( con=visual_editing&fun=shop_banner ) 
ERR: Db Error: Unknown column 'store_time' in 'order clause'
SELECT COUNT(*) FROM shop_pic_album WHERE 1 AND album_id = '16' ORDER BY store_time DESC
[2017-12-29 19:16:13] /kaice/shop/index.php?con=visual_editing&fun=shop_banner ( con=visual_editing&fun=shop_banner ) 
ERR: Db Error: Unknown column 'store_time' in 'order clause'
SELECT * FROM shop_pic_album WHERE 1 AND album_id = '16' ORDER BY store_time DESC LIMIT 0,21
[2017-12-29 19:17:18] /kaice/shop/index.php?con=visual_editing&fun=shop_banner ( con=visual_editing&fun=shop_banner ) 
ERR: Db Error: Unknown column 'store_time' in 'order clause'
SELECT COUNT(*) FROM shop_pic_album WHERE 1 AND album_id = '16' ORDER BY store_time DESC
[2017-12-29 19:17:18] /kaice/shop/index.php?con=visual_editing&fun=shop_banner ( con=visual_editing&fun=shop_banner ) 
ERR: Db Error: Unknown column 'store_time' in 'order clause'
SELECT * FROM shop_pic_album WHERE 1 AND album_id = '16' ORDER BY store_time DESC LIMIT 0,21
[2017-12-29 19:20:34] /kaice/shop/index.php?con=visual_editing&fun=shop_banner ( con=visual_editing&fun=shop_banner ) 
ERR: Db Error: Unknown column 'store_time' in 'order clause'
SELECT COUNT(*) FROM shop_pic_album WHERE 1 AND album_id = '16' ORDER BY store_time DESC
[2017-12-29 19:20:34] /kaice/shop/index.php?con=visual_editing&fun=shop_banner ( con=visual_editing&fun=shop_banner ) 
ERR: Db Error: Unknown column 'store_time' in 'order clause'
SELECT * FROM shop_pic_album WHERE 1 AND album_id = '16' ORDER BY store_time DESC LIMIT 0,21
[2017-12-29 19:22:11] /kaice/shop/index.php?con=visual_editing&fun=shop_banner ( con=visual_editing&fun=shop_banner ) 
ERR: Db Error: Unknown column 'store_time' in 'order clause'
SELECT COUNT(*) FROM shop_pic_album WHERE 1 AND album_id = '16' ORDER BY store_time DESC
[2017-12-29 19:22:11] /kaice/shop/index.php?con=visual_editing&fun=shop_banner ( con=visual_editing&fun=shop_banner ) 
ERR: Db Error: Unknown column 'store_time' in 'order clause'
SELECT * FROM shop_pic_album WHERE 1 AND album_id = '16' ORDER BY store_time DESC LIMIT 0,21
[2017-12-29 20:39:59] /kaice/shop/index.php?con=visual_editing&fun=shop_banner ( con=visual_editing&fun=shop_banner ) 
ERR: Db Error: Unknown column 'store_time' in 'order clause'
SELECT COUNT(*) FROM shop_pic_album WHERE 1 AND album_id = '16' ORDER BY store_time DESC
[2017-12-29 20:39:59] /kaice/shop/index.php?con=visual_editing&fun=shop_banner ( con=visual_editing&fun=shop_banner ) 
ERR: Db Error: Unknown column 'store_time' in 'order clause'
SELECT * FROM shop_pic_album WHERE 1 AND album_id = '16' ORDER BY store_time DESC LIMIT 0,21
[2017-12-29 20:41:41] /kaice/shop/index.php?con=visual_editing&fun=shop_banner ( con=visual_editing&fun=shop_banner ) 
ERR: Db Error: Unknown column 'store_time' in 'order clause'
SELECT COUNT(*) FROM shop_pic_album WHERE 1 AND album_id = '16' ORDER BY store_time DESC
[2017-12-29 20:41:41] /kaice/shop/index.php?con=visual_editing&fun=shop_banner ( con=visual_editing&fun=shop_banner ) 
ERR: Db Error: Unknown column 'store_time' in 'order clause'
SELECT * FROM shop_pic_album WHERE 1 AND album_id = '16' ORDER BY store_time DESC LIMIT 0,21
[2017-12-29 20:44:06] /kaice/shop/index.php?con=visual_editing&fun=shop_banner ( con=visual_editing&fun=shop_banner ) 
ERR: Db Error: Unknown column 'store_time' in 'order clause'
SELECT COUNT(*) FROM shop_pic_album WHERE 1 AND album_id = '16' ORDER BY store_time DESC
[2017-12-29 20:44:06] /kaice/shop/index.php?con=visual_editing&fun=shop_banner ( con=visual_editing&fun=shop_banner ) 
ERR: Db Error: Unknown column 'store_time' in 'order clause'
SELECT * FROM shop_pic_album WHERE 1 AND album_id = '16' ORDER BY store_time DESC LIMIT 0,21
[2017-12-29 20:52:26] /kaice/shop/index.php?con=visual_editing&fun=shop_banner ( con=visual_editing&fun=shop_banner ) 
ERR: Db Error: Unknown column 'store_time' in 'order clause'
SELECT COUNT(*) FROM shop_pic_album WHERE 1 AND album_id = '16' ORDER BY store_time DESC
[2017-12-29 20:52:26] /kaice/shop/index.php?con=visual_editing&fun=shop_banner ( con=visual_editing&fun=shop_banner ) 
ERR: Db Error: Unknown column 'store_time' in 'order clause'
SELECT * FROM shop_pic_album WHERE 1 AND album_id = '16' ORDER BY store_time DESC LIMIT 0,21
[2017-12-29 20:56:47] /kaice/shop/index.php?con=visual_editing&fun=shop_banner ( con=visual_editing&fun=shop_banner ) 
ERR: Db Error: Unknown column 'store_time' in 'order clause'
SELECT COUNT(*) FROM shop_pic_album WHERE 1 AND album_id = '16' ORDER BY store_time DESC
[2017-12-29 20:56:47] /kaice/shop/index.php?con=visual_editing&fun=shop_banner ( con=visual_editing&fun=shop_banner ) 
ERR: Db Error: Unknown column 'store_time' in 'order clause'
SELECT * FROM shop_pic_album WHERE 1 AND album_id = '16' ORDER BY store_time DESC LIMIT 0,21
[2017-12-29 21:02:18] /kaice/shop/index.php?con=visual_editing&fun=shop_banner ( con=visual_editing&fun=shop_banner ) 
ERR: Db Error: Unknown column 'store_time' in 'order clause'
SELECT COUNT(*) FROM shop_pic_album WHERE 1 AND album_id = '16' ORDER BY store_time DESC
[2017-12-29 21:02:18] /kaice/shop/index.php?con=visual_editing&fun=shop_banner ( con=visual_editing&fun=shop_banner ) 
ERR: Db Error: Unknown column 'store_time' in 'order clause'
SELECT * FROM shop_pic_album WHERE 1 AND album_id = '16' ORDER BY store_time DESC LIMIT 0,21
[2017-12-29 21:03:11] /kaice/shop/index.php?con=visual_editing&fun=shop_banner ( con=visual_editing&fun=shop_banner ) 
ERR: Db Error: Unknown column 'store_time' in 'order clause'
SELECT COUNT(*) FROM shop_pic_album WHERE 1 AND album_id = '16' ORDER BY store_time DESC
[2017-12-29 21:03:11] /kaice/shop/index.php?con=visual_editing&fun=shop_banner ( con=visual_editing&fun=shop_banner ) 
ERR: Db Error: Unknown column 'store_time' in 'order clause'
SELECT * FROM shop_pic_album WHERE 1 AND album_id = '16' ORDER BY store_time DESC LIMIT 0,21
[2017-12-29 21:04:32] /kaice/shop/index.php?con=visual_editing&fun=shop_banner ( con=visual_editing&fun=shop_banner ) 
ERR: Db Error: Unknown column 'store_time' in 'order clause'
SELECT COUNT(*) FROM shop_pic_album WHERE 1 AND album_id = '16' ORDER BY store_time DESC
[2017-12-29 21:04:32] /kaice/shop/index.php?con=visual_editing&fun=shop_banner ( con=visual_editing&fun=shop_banner ) 
ERR: Db Error: Unknown column 'store_time' in 'order clause'
SELECT * FROM shop_pic_album WHERE 1 AND album_id = '16' ORDER BY store_time DESC LIMIT 0,21
[2017-12-29 21:04:46] /kaice/shop/index.php?con=visual_editing&fun=shop_banner ( con=visual_editing&fun=shop_banner ) 
ERR: Db Error: Unknown column 'store_time' in 'order clause'
SELECT COUNT(*) FROM shop_pic_album WHERE 1 AND album_id = '16' ORDER BY store_time DESC
[2017-12-29 21:04:46] /kaice/shop/index.php?con=visual_editing&fun=shop_banner ( con=visual_editing&fun=shop_banner ) 
ERR: Db Error: Unknown column 'store_time' in 'order clause'
SELECT * FROM shop_pic_album WHERE 1 AND album_id = '16' ORDER BY store_time DESC LIMIT 0,21
[2017-12-29 21:17:28] /kaice/shop/index.php?con=visual_editing&fun=shop_banner ( con=visual_editing&fun=shop_banner ) 
ERR: Db Error: Unknown column 'store_time' in 'order clause'
SELECT COUNT(*) FROM shop_pic_album WHERE 1 AND album_id = '16' ORDER BY store_time DESC
[2017-12-29 21:17:28] /kaice/shop/index.php?con=visual_editing&fun=shop_banner ( con=visual_editing&fun=shop_banner ) 
ERR: Db Error: Unknown column 'store_time' in 'order clause'
SELECT * FROM shop_pic_album WHERE 1 AND album_id = '16' ORDER BY store_time DESC LIMIT 0,21
[2017-12-29 21:20:01] /kaice/shop/index.php?con=visual_editing&fun=shop_banner ( con=visual_editing&fun=shop_banner ) 
ERR: Db Error: Unknown column 'store_time' in 'order clause'
SELECT COUNT(*) FROM shop_pic_album WHERE 1 AND album_id = '16' ORDER BY store_time DESC
[2017-12-29 21:20:01] /kaice/shop/index.php?con=visual_editing&fun=shop_banner ( con=visual_editing&fun=shop_banner ) 
ERR: Db Error: Unknown column 'store_time' in 'order clause'
SELECT * FROM shop_pic_album WHERE 1 AND album_id = '16' ORDER BY store_time DESC LIMIT 0,21
[2017-12-29 21:20:49] /kaice/shop/index.php?con=visual_editing&fun=shop_banner ( con=visual_editing&fun=shop_banner ) 
ERR: Db Error: Unknown column 'store_time' in 'order clause'
SELECT COUNT(*) FROM shop_pic_album WHERE 1 AND album_id = '16' ORDER BY store_time DESC
[2017-12-29 21:20:49] /kaice/shop/index.php?con=visual_editing&fun=shop_banner ( con=visual_editing&fun=shop_banner ) 
ERR: Db Error: Unknown column 'store_time' in 'order clause'
SELECT * FROM shop_pic_album WHERE 1 AND album_id = '16' ORDER BY store_time DESC LIMIT 0,21
[2017-12-29 21:25:23] /kaice/shop/index.php?con=visual_editing&fun=shop_banner ( con=visual_editing&fun=shop_banner ) 
ERR: Db Error: Unknown column 'store_time' in 'order clause'
SELECT COUNT(*) FROM shop_pic_album WHERE 1 AND album_id = '16' ORDER BY store_time DESC
[2017-12-29 21:25:23] /kaice/shop/index.php?con=visual_editing&fun=shop_banner ( con=visual_editing&fun=shop_banner ) 
ERR: Db Error: Unknown column 'store_time' in 'order clause'
SELECT * FROM shop_pic_album WHERE 1 AND album_id = '16' ORDER BY store_time DESC LIMIT 0,21
[2017-12-29 21:25:55] /kaice/shop/index.php?con=visual_editing&fun=shop_banner ( con=visual_editing&fun=shop_banner ) 
ERR: Db Error: Unknown column 'store_time' in 'order clause'
SELECT COUNT(*) FROM shop_pic_album WHERE 1 AND album_id = '16' ORDER BY store_time DESC
[2017-12-29 21:25:55] /kaice/shop/index.php?con=visual_editing&fun=shop_banner ( con=visual_editing&fun=shop_banner ) 
ERR: Db Error: Unknown column 'store_time' in 'order clause'
SELECT * FROM shop_pic_album WHERE 1 AND album_id = '16' ORDER BY store_time DESC LIMIT 0,21
[2017-12-29 21:26:15] /kaice/shop/index.php?con=visual_editing&fun=shop_banner ( con=visual_editing&fun=shop_banner ) 
ERR: Db Error: Unknown column 'store_time' in 'order clause'
SELECT COUNT(*) FROM shop_pic_album WHERE 1 AND album_id = '16' ORDER BY store_time DESC
[2017-12-29 21:26:15] /kaice/shop/index.php?con=visual_editing&fun=shop_banner ( con=visual_editing&fun=shop_banner ) 
ERR: Db Error: Unknown column 'store_time' in 'order clause'
SELECT * FROM shop_pic_album WHERE 1 AND album_id = '16' ORDER BY store_time DESC LIMIT 0,21
[2017-12-29 21:29:19] /kaice/shop/index.php?con=visual_editing&fun=shop_banner ( con=visual_editing&fun=shop_banner ) 
ERR: Db Error: Unknown column 'store_time' in 'order clause'
SELECT COUNT(*) FROM shop_pic_album WHERE 1 AND album_id = '16' ORDER BY store_time DESC
[2017-12-29 21:29:19] /kaice/shop/index.php?con=visual_editing&fun=shop_banner ( con=visual_editing&fun=shop_banner ) 
ERR: Db Error: Unknown column 'store_time' in 'order clause'
SELECT * FROM shop_pic_album WHERE 1 AND album_id = '16' ORDER BY store_time DESC LIMIT 0,21
[2017-12-29 21:30:07] /kaice/shop/index.php?con=visual_editing&fun=shop_banner ( con=visual_editing&fun=shop_banner ) 
ERR: Db Error: Unknown column 'store_time' in 'order clause'
SELECT COUNT(*) FROM shop_pic_album WHERE 1 AND album_id = '16' ORDER BY store_time DESC
[2017-12-29 21:30:07] /kaice/shop/index.php?con=visual_editing&fun=shop_banner ( con=visual_editing&fun=shop_banner ) 
ERR: Db Error: Unknown column 'store_time' in 'order clause'
SELECT * FROM shop_pic_album WHERE 1 AND album_id = '16' ORDER BY store_time DESC LIMIT 0,21
[2017-12-29 21:38:25] /kaice/shop/index.php?con=visual_editing&fun=shop_banner ( con=visual_editing&fun=shop_banner ) 
ERR: Db Error: Unknown column 'store_time' in 'order clause'
SELECT COUNT(*) FROM shop_pic_album WHERE 1 AND album_id = '16' ORDER BY store_time DESC
[2017-12-29 21:38:25] /kaice/shop/index.php?con=visual_editing&fun=shop_banner ( con=visual_editing&fun=shop_banner ) 
ERR: Db Error: Unknown column 'store_time' in 'order clause'
SELECT * FROM shop_pic_album WHERE 1 AND album_id = '16' ORDER BY store_time DESC LIMIT 0,21
[2017-12-29 21:41:05] /kaice/shop/index.php?con=visual_editing&fun=shop_banner ( con=visual_editing&fun=shop_banner ) 
ERR: Db Error: Unknown column 'store_time' in 'order clause'
SELECT COUNT(*) FROM shop_pic_album WHERE 1 AND album_id = '16' ORDER BY store_time DESC
[2017-12-29 21:41:05] /kaice/shop/index.php?con=visual_editing&fun=shop_banner ( con=visual_editing&fun=shop_banner ) 
ERR: Db Error: Unknown column 'store_time' in 'order clause'
SELECT * FROM shop_pic_album WHERE 1 AND album_id = '16' ORDER BY store_time DESC LIMIT 0,21
[2017-12-29 21:41:56] /kaice/shop/index.php?con=visual_editing&fun=shop_banner ( con=visual_editing&fun=shop_banner ) 
ERR: Db Error: Unknown column 'store_time' in 'order clause'
SELECT COUNT(*) FROM shop_pic_album WHERE 1 AND album_id = '16' ORDER BY store_time DESC
[2017-12-29 21:41:56] /kaice/shop/index.php?con=visual_editing&fun=shop_banner ( con=visual_editing&fun=shop_banner ) 
ERR: Db Error: Unknown column 'store_time' in 'order clause'
SELECT * FROM shop_pic_album WHERE 1 AND album_id = '16' ORDER BY store_time DESC LIMIT 0,21
[2017-12-29 21:42:29] /kaice/shop/index.php?con=visual_editing&fun=shop_banner ( con=visual_editing&fun=shop_banner ) 
ERR: Db Error: Unknown column 'store_time' in 'order clause'
SELECT COUNT(*) FROM shop_pic_album WHERE 1 AND album_id = '16' ORDER BY store_time DESC
[2017-12-29 21:42:29] /kaice/shop/index.php?con=visual_editing&fun=shop_banner ( con=visual_editing&fun=shop_banner ) 
ERR: Db Error: Unknown column 'store_time' in 'order clause'
SELECT * FROM shop_pic_album WHERE 1 AND album_id = '16' ORDER BY store_time DESC LIMIT 0,21
[2017-12-29 21:44:49] /kaice/shop/index.php?con=visual_editing&fun=shop_banner ( con=visual_editing&fun=shop_banner ) 
ERR: Db Error: Unknown column 'store_time' in 'order clause'
SELECT COUNT(*) FROM shop_pic_album WHERE 1 AND album_id = '16' ORDER BY store_time DESC
[2017-12-29 21:44:49] /kaice/shop/index.php?con=visual_editing&fun=shop_banner ( con=visual_editing&fun=shop_banner ) 
ERR: Db Error: Unknown column 'store_time' in 'order clause'
SELECT * FROM shop_pic_album WHERE 1 AND album_id = '16' ORDER BY store_time DESC LIMIT 0,21
[2017-12-29 21:48:52] /kaice/shop/index.php?con=visual_editing&fun=shop_banner ( con=visual_editing&fun=shop_banner ) 
ERR: Db Error: Unknown column 'store_time' in 'order clause'
SELECT COUNT(*) FROM shop_pic_album WHERE 1 AND album_id = '16' ORDER BY store_time DESC
[2017-12-29 21:48:52] /kaice/shop/index.php?con=visual_editing&fun=shop_banner ( con=visual_editing&fun=shop_banner ) 
ERR: Db Error: Unknown column 'store_time' in 'order clause'
SELECT * FROM shop_pic_album WHERE 1 AND album_id = '16' ORDER BY store_time DESC LIMIT 0,21
[2017-12-29 21:53:06] /kaice/shop/index.php?con=visual_editing&fun=shop_banner ( con=visual_editing&fun=shop_banner ) 
ERR: Db Error: Unknown column 'store_time' in 'order clause'
SELECT COUNT(*) FROM shop_pic_album WHERE 1 AND album_id = '16' ORDER BY store_time DESC
[2017-12-29 21:53:06] /kaice/shop/index.php?con=visual_editing&fun=shop_banner ( con=visual_editing&fun=shop_banner ) 
ERR: Db Error: Unknown column 'store_time' in 'order clause'
SELECT * FROM shop_pic_album WHERE 1 AND album_id = '16' ORDER BY store_time DESC LIMIT 0,21
[2017-12-29 21:53:29] /kaice/shop/index.php?con=visual_editing&fun=shop_banner ( con=visual_editing&fun=shop_banner ) 
ERR: Db Error: Unknown column 'store_time' in 'order clause'
SELECT COUNT(*) FROM shop_pic_album WHERE 1 AND album_id = '16' ORDER BY store_time DESC
[2017-12-29 21:53:29] /kaice/shop/index.php?con=visual_editing&fun=shop_banner ( con=visual_editing&fun=shop_banner ) 
ERR: Db Error: Unknown column 'store_time' in 'order clause'
SELECT * FROM shop_pic_album WHERE 1 AND album_id = '16' ORDER BY store_time DESC LIMIT 0,21
[2017-12-29 22:06:43] /kaice/shop/index.php?con=visual_editing&fun=shop_banner ( con=visual_editing&fun=shop_banner ) 
ERR: Db Error: Unknown column 'store_time' in 'order clause'
SELECT COUNT(*) FROM shop_pic_album WHERE 1 AND album_id = '16' ORDER BY store_time DESC
[2017-12-29 22:06:43] /kaice/shop/index.php?con=visual_editing&fun=shop_banner ( con=visual_editing&fun=shop_banner ) 
ERR: Db Error: Unknown column 'store_time' in 'order clause'
SELECT * FROM shop_pic_album WHERE 1 AND album_id = '16' ORDER BY store_time DESC LIMIT 0,21
[2017-12-29 22:09:44] /kaice/shop/index.php?con=visual_editing&fun=shop_banner ( con=visual_editing&fun=shop_banner ) 
ERR: Db Error: Unknown column 'store_time' in 'order clause'
SELECT COUNT(*) FROM shop_pic_album WHERE 1 AND album_id = '16' ORDER BY store_time DESC
[2017-12-29 22:09:44] /kaice/shop/index.php?con=visual_editing&fun=shop_banner ( con=visual_editing&fun=shop_banner ) 
ERR: Db Error: Unknown column 'store_time' in 'order clause'
SELECT * FROM shop_pic_album WHERE 1 AND album_id = '16' ORDER BY store_time DESC LIMIT 0,21
[2017-12-29 22:22:25] /kaice/shop/index.php?con=visual_editing&fun=shop_banner ( con=visual_editing&fun=shop_banner ) 
ERR: Db Error: Unknown column 'store_time' in 'order clause'
SELECT COUNT(*) FROM shop_pic_album WHERE 1 AND album_id = '16' ORDER BY store_time DESC
[2017-12-29 22:22:25] /kaice/shop/index.php?con=visual_editing&fun=shop_banner ( con=visual_editing&fun=shop_banner ) 
ERR: Db Error: Unknown column 'store_time' in 'order clause'
SELECT * FROM shop_pic_album WHERE 1 AND album_id = '16' ORDER BY store_time DESC LIMIT 0,21
[2017-12-29 23:14:29] /kaice/shop/index.php?con=visual_editing&fun=shop_banner ( con=visual_editing&fun=shop_banner ) 
ERR: Db Error: Unknown column 'store_time' in 'order clause'
SELECT COUNT(*) FROM shop_pic_album WHERE 1 AND album_id = '16' ORDER BY store_time DESC
[2017-12-29 23:14:29] /kaice/shop/index.php?con=visual_editing&fun=shop_banner ( con=visual_editing&fun=shop_banner ) 
ERR: Db Error: Unknown column 'store_time' in 'order clause'
SELECT * FROM shop_pic_album WHERE 1 AND album_id = '16' ORDER BY store_time DESC LIMIT 0,21
[2017-12-29 23:22:23] /kaice/shop/index.php?con=visual_editing&fun=shop_banner ( con=visual_editing&fun=shop_banner ) 
ERR: Db Error: Unknown column 'store_time' in 'order clause'
SELECT COUNT(*) FROM shop_pic_album WHERE 1 AND album_id = '16' ORDER BY store_time DESC
[2017-12-29 23:22:23] /kaice/shop/index.php?con=visual_editing&fun=shop_banner ( con=visual_editing&fun=shop_banner ) 
ERR: Db Error: Unknown column 'store_time' in 'order clause'
SELECT * FROM shop_pic_album WHERE 1 AND album_id = '16' ORDER BY store_time DESC LIMIT 0,21
[2017-12-29 23:22:53] /kaice/shop/index.php?con=visual_editing&fun=shop_banner ( con=visual_editing&fun=shop_banner ) 
ERR: Db Error: Unknown column 'store_time' in 'order clause'
SELECT COUNT(*) FROM shop_pic_album WHERE 1 AND album_id = '16' ORDER BY store_time DESC
[2017-12-29 23:22:53] /kaice/shop/index.php?con=visual_editing&fun=shop_banner ( con=visual_editing&fun=shop_banner ) 
ERR: Db Error: Unknown column 'store_time' in 'order clause'
SELECT * FROM shop_pic_album WHERE 1 AND album_id = '16' ORDER BY store_time DESC LIMIT 0,21
[2017-12-29 23:23:14] /kaice/shop/index.php?con=visual_editing&fun=shop_banner ( con=visual_editing&fun=shop_banner ) 
ERR: Db Error: Unknown column 'store_time' in 'order clause'
SELECT COUNT(*) FROM shop_pic_album WHERE 1 AND album_id = '16' ORDER BY store_time DESC
[2017-12-29 23:23:14] /kaice/shop/index.php?con=visual_editing&fun=shop_banner ( con=visual_editing&fun=shop_banner ) 
ERR: Db Error: Unknown column 'store_time' in 'order clause'
SELECT * FROM shop_pic_album WHERE 1 AND album_id = '16' ORDER BY store_time DESC LIMIT 0,21
[2017-12-29 23:23:30] /kaice/shop/index.php?con=visual_editing&fun=shop_banner ( con=visual_editing&fun=shop_banner ) 
ERR: Db Error: Unknown column 'store_time' in 'order clause'
SELECT COUNT(*) FROM shop_pic_album WHERE 1 AND album_id = '16' ORDER BY store_time DESC
[2017-12-29 23:23:30] /kaice/shop/index.php?con=visual_editing&fun=shop_banner ( con=visual_editing&fun=shop_banner ) 
ERR: Db Error: Unknown column 'store_time' in 'order clause'
SELECT * FROM shop_pic_album WHERE 1 AND album_id = '16' ORDER BY store_time DESC LIMIT 0,21
[2017-12-29 23:24:13] /kaice/shop/index.php?&con=visual_editing&fun=get_albun_pic&is_ajax=1 ( con=visual_editing&fun=get_albun_pic ) 
ERR: Db Error: Unknown column 'store_time' in 'order clause'
SELECT COUNT(*) FROM shop_pic_album WHERE 1 AND album_id = '16' ORDER BY store_time DESC
[2017-12-29 23:24:13] /kaice/shop/index.php?&con=visual_editing&fun=get_albun_pic&is_ajax=1 ( con=visual_editing&fun=get_albun_pic ) 
ERR: Db Error: Unknown column 'store_time' in 'order clause'
SELECT * FROM shop_pic_album WHERE 1 AND album_id = '16' ORDER BY store_time DESC LIMIT 0,21
[2017-12-29 23:26:55] /kaice/shop/index.php?con=visual_editing&fun=shop_banner ( con=visual_editing&fun=shop_banner ) 
ERR: Db Error: Unknown column 'store_time' in 'order clause'
SELECT COUNT(*) FROM shop_pic_album WHERE 1 AND album_id = '16' ORDER BY store_time DESC
[2017-12-29 23:26:55] /kaice/shop/index.php?con=visual_editing&fun=shop_banner ( con=visual_editing&fun=shop_banner ) 
ERR: Db Error: Unknown column 'store_time' in 'order clause'
SELECT * FROM shop_pic_album WHERE 1 AND album_id = '16' ORDER BY store_time DESC LIMIT 0,21
[2017-12-29 23:28:03] /kaice/shop/index.php?con=visual_editing&fun=shop_banner ( con=visual_editing&fun=shop_banner ) 
ERR: Db Error: Unknown column 'store_time' in 'order clause'
SELECT COUNT(*) FROM shop_pic_album WHERE 1 AND album_id = '16' ORDER BY store_time DESC
[2017-12-29 23:28:03] /kaice/shop/index.php?con=visual_editing&fun=shop_banner ( con=visual_editing&fun=shop_banner ) 
ERR: Db Error: Unknown column 'store_time' in 'order clause'
SELECT * FROM shop_pic_album WHERE 1 AND album_id = '16' ORDER BY store_time DESC LIMIT 0,21
