[2017-07-04 11:36:54] http://211.149.234.251/shop/?con=search&keyword=%E5%B9%B8%E7%A6%8F ( con=search&fun=index ) 
ERR: Db Error: Column 'is_own_shop' in order clause is ambiguous
SELECT COUNT(*) AS nc_count FROM `shop_goods` AS `goods` LEFT JOIN `shop_goods_common` AS `goods_common` ON goods.goods_commonid = goods_common.goods_commonid WHERE ( (goods.goods_name LIKE '%幸福%') OR (goods.goods_jingle LIKE '%幸福%') ) AND ( goods.goods_state = '1' ) AND ( goods.goods_verify = '1' ) GROUP BY goods.goods_commonid ORDER BY is_own_shop desc,goods_id desc LIMIT 1  
[2017-07-04 11:36:57] http://211.149.234.251/shop/?con=search&keyword=%E5%B9%B8%E7%A6%8F ( con=search&fun=index ) 
ERR: Db Error: Column 'is_own_shop' in order clause is ambiguous
SELECT COUNT(*) AS nc_count FROM `shop_goods` AS `goods` LEFT JOIN `shop_goods_common` AS `goods_common` ON goods.goods_commonid = goods_common.goods_commonid WHERE ( (goods.goods_name LIKE '%幸福%') OR (goods.goods_jingle LIKE '%幸福%') ) AND ( goods.goods_state = '1' ) AND ( goods.goods_verify = '1' ) GROUP BY goods.goods_commonid ORDER BY is_own_shop desc,goods_id desc LIMIT 1  
[2017-07-04 11:36:59] http://211.149.234.251/shop/?con=search&keyword=%E5%B9%B8%E7%A6%8F ( con=search&fun=index ) 
ERR: Db Error: Column 'is_own_shop' in order clause is ambiguous
SELECT COUNT(*) AS nc_count FROM `shop_goods` AS `goods` LEFT JOIN `shop_goods_common` AS `goods_common` ON goods.goods_commonid = goods_common.goods_commonid WHERE ( (goods.goods_name LIKE '%幸福%') OR (goods.goods_jingle LIKE '%幸福%') ) AND ( goods.goods_state = '1' ) AND ( goods.goods_verify = '1' ) GROUP BY goods.goods_commonid ORDER BY is_own_shop desc,goods_id desc LIMIT 1  
[2017-07-04 11:37:01] http://211.149.234.251/shop/?con=search&keyword=%E5%B9%B8%E7%A6%8F ( con=search&fun=index ) 
ERR: Db Error: Column 'is_own_shop' in order clause is ambiguous
SELECT COUNT(*) AS nc_count FROM `shop_goods` AS `goods` LEFT JOIN `shop_goods_common` AS `goods_common` ON goods.goods_commonid = goods_common.goods_commonid WHERE ( (goods.goods_name LIKE '%幸福%') OR (goods.goods_jingle LIKE '%幸福%') ) AND ( goods.goods_state = '1' ) AND ( goods.goods_verify = '1' ) GROUP BY goods.goods_commonid ORDER BY is_own_shop desc,goods_id desc LIMIT 1  
[2017-07-04 11:37:03] http://211.149.234.251/shop/?con=search&keyword=%E5%B9%B8%E7%A6%8F ( con=search&fun=index ) 
ERR: Db Error: Column 'is_own_shop' in order clause is ambiguous
SELECT COUNT(*) AS nc_count FROM `shop_goods` AS `goods` LEFT JOIN `shop_goods_common` AS `goods_common` ON goods.goods_commonid = goods_common.goods_commonid WHERE ( (goods.goods_name LIKE '%幸福%') OR (goods.goods_jingle LIKE '%幸福%') ) AND ( goods.goods_state = '1' ) AND ( goods.goods_verify = '1' ) GROUP BY goods.goods_commonid ORDER BY is_own_shop desc,goods_id desc LIMIT 1  
[2017-07-04 11:37:05] http://211.149.234.251/shop/?con=search&keyword=%E5%B9%B8%E7%A6%8F ( con=search&fun=index ) 
ERR: Db Error: Column 'is_own_shop' in order clause is ambiguous
SELECT COUNT(*) AS nc_count FROM `shop_goods` AS `goods` LEFT JOIN `shop_goods_common` AS `goods_common` ON goods.goods_commonid = goods_common.goods_commonid WHERE ( (goods.goods_name LIKE '%幸福%') OR (goods.goods_jingle LIKE '%幸福%') ) AND ( goods.goods_state = '1' ) AND ( goods.goods_verify = '1' ) GROUP BY goods.goods_commonid ORDER BY is_own_shop desc,goods_id desc LIMIT 1  
[2017-07-04 11:37:07] http://211.149.234.251/shop/?con=search&keyword=%E5%B9%B8%E7%A6%8F ( con=search&fun=index ) 
ERR: Db Error: Column 'is_own_shop' in order clause is ambiguous
SELECT COUNT(*) AS nc_count FROM `shop_goods` AS `goods` LEFT JOIN `shop_goods_common` AS `goods_common` ON goods.goods_commonid = goods_common.goods_commonid WHERE ( (goods.goods_name LIKE '%幸福%') OR (goods.goods_jingle LIKE '%幸福%') ) AND ( goods.goods_state = '1' ) AND ( goods.goods_verify = '1' ) GROUP BY goods.goods_commonid ORDER BY is_own_shop desc,goods_id desc LIMIT 1  
[2017-07-04 11:37:09] http://211.149.234.251/shop/?con=search&keyword=%E5%B9%B8%E7%A6%8F ( con=search&fun=index ) 
ERR: Db Error: Column 'is_own_shop' in order clause is ambiguous
SELECT COUNT(*) AS nc_count FROM `shop_goods` AS `goods` LEFT JOIN `shop_goods_common` AS `goods_common` ON goods.goods_commonid = goods_common.goods_commonid WHERE ( (goods.goods_name LIKE '%幸福%') OR (goods.goods_jingle LIKE '%幸福%') ) AND ( goods.goods_state = '1' ) AND ( goods.goods_verify = '1' ) GROUP BY goods.goods_commonid ORDER BY is_own_shop desc,goods_id desc LIMIT 1  
[2017-07-04 21:30:04] /shop/index.php?con=store_goods_add&fun=image_upload&upload_type=uploadedfile ( con=store_goods_add&fun=image_upload ) 
ERR: Db Error: Column 'aclass_id' cannot be null
INSERT  INTO `shop_album_pic` (apic_name,apic_tag,aclass_id,apic_cover,apic_size,apic_spec,upload_time,store_id) VALUES ('1','',NULL,'244_05525190026361606.jpg','91168','800x800','1499175001','244')
[2017-07-04 21:30:33] /shop/index.php?con=store_goods_add&fun=image_upload&upload_type=uploadedfile ( con=store_goods_add&fun=image_upload ) 
ERR: Db Error: Column 'aclass_id' cannot be null
INSERT  INTO `shop_album_pic` (apic_name,apic_tag,aclass_id,apic_cover,apic_size,apic_spec,upload_time,store_id) VALUES ('1','',NULL,'244_05525190324588270.jpg','91168','800x800','1499175031','244')
[2017-07-04 21:36:56] /shop/index.php?con=store_goods_add&fun=image_upload&upload_type=uploadedfile ( con=store_goods_add&fun=image_upload ) 
ERR: Db Error: Column 'aclass_id' cannot be null
INSERT  INTO `shop_album_pic` (apic_name,apic_tag,aclass_id,apic_cover,apic_size,apic_spec,upload_time,store_id) VALUES ('2','',NULL,'244_05525194158558349.jpg','57078','800x800','1499175414','244')
[2017-07-04 21:37:01] /shop/index.php?con=store_goods_add&fun=image_upload&upload_type=uploadedfile ( con=store_goods_add&fun=image_upload ) 
ERR: Db Error: Column 'aclass_id' cannot be null
INSERT  INTO `shop_album_pic` (apic_name,apic_tag,aclass_id,apic_cover,apic_size,apic_spec,upload_time,store_id) VALUES ('1','',NULL,'244_05525194210420073.jpg','91168','800x800','1499175419','244')
[2017-07-04 21:37:45] /shop/index.php?con=store_goods_add&fun=save_goods ( con=store_goods_add&fun=save_goods ) 
ERR: Db Error: Column 'video_class_id' cannot be null
INSERT  INTO `shop_video_album` (video_name,video_tag,video_class_id,video_cover,video_size,upload_time,store_id) VALUES ('','',NULL,NULL,'0','1499175464','244')
[2017-07-04 21:37:54] /shop/index.php?con=store_goods_add&fun=image_upload ( con=store_goods_add&fun=image_upload ) 
ERR: Db Error: Column 'aclass_id' cannot be null
INSERT  INTO `shop_album_pic` (apic_name,apic_tag,aclass_id,apic_cover,apic_size,apic_spec,upload_time,store_id) VALUES ('2','',NULL,'244_05525194733197770.jpg','57078','800x800','1499175472','244')
[2017-07-04 21:37:56] /shop/index.php?con=store_goods_add&fun=image_upload ( con=store_goods_add&fun=image_upload ) 
ERR: Db Error: Column 'aclass_id' cannot be null
INSERT  INTO `shop_album_pic` (apic_name,apic_tag,aclass_id,apic_cover,apic_size,apic_spec,upload_time,store_id) VALUES ('3','',NULL,'244_05525194757062765.jpg','72240','800x800','1499175474','244')
[2017-07-04 21:37:58] /shop/index.php?con=store_goods_add&fun=image_upload ( con=store_goods_add&fun=image_upload ) 
ERR: Db Error: Column 'aclass_id' cannot be null
INSERT  INTO `shop_album_pic` (apic_name,apic_tag,aclass_id,apic_cover,apic_size,apic_spec,upload_time,store_id) VALUES ('4','',NULL,'244_05525194780876838.jpg','63857','800x800','1499175476','244')
[2017-07-04 21:38:02] /shop/index.php?con=store_goods_add&fun=image_upload ( con=store_goods_add&fun=image_upload ) 
ERR: Db Error: Column 'aclass_id' cannot be null
INSERT  INTO `shop_album_pic` (apic_name,apic_tag,aclass_id,apic_cover,apic_size,apic_spec,upload_time,store_id) VALUES ('5','',NULL,'244_05525194823322300.jpg','71918','800x800','1499175481','244')
[2017-07-04 21:38:58] /shop/index.php?con=store_goods_add&fun=save_goods ( con=store_goods_add&fun=save_goods ) 
ERR: Db Error: Column 'video_class_id' cannot be null
INSERT  INTO `shop_video_album` (video_name,video_tag,video_class_id,video_cover,video_size,upload_time,store_id) VALUES ('','',NULL,NULL,'0','1499175537','244')
[2017-07-04 21:39:04] /shop/index.php?con=store_goods_add&fun=image_upload ( con=store_goods_add&fun=image_upload ) 
ERR: Db Error: Column 'aclass_id' cannot be null
INSERT  INTO `shop_album_pic` (apic_name,apic_tag,aclass_id,apic_cover,apic_size,apic_spec,upload_time,store_id) VALUES ('2','',NULL,'244_05525195442088133.jpg','57078','800x800','1499175543','244')
[2017-07-04 21:40:11] /shop/index.php?con=store_goods_add&fun=image_upload ( con=store_goods_add&fun=image_upload ) 
ERR: Db Error: Column 'aclass_id' cannot be null
INSERT  INTO `shop_album_pic` (apic_name,apic_tag,aclass_id,apic_cover,apic_size,apic_spec,upload_time,store_id) VALUES ('3','',NULL,'244_05525196110319542.jpg','72240','800x800','1499175609','244')
[2017-07-04 21:40:14] /shop/index.php?con=store_goods_add&fun=image_upload ( con=store_goods_add&fun=image_upload ) 
ERR: Db Error: Column 'aclass_id' cannot be null
INSERT  INTO `shop_album_pic` (apic_name,apic_tag,aclass_id,apic_cover,apic_size,apic_spec,upload_time,store_id) VALUES ('4','',NULL,'244_05525196143597539.jpg','63857','800x800','1499175613','244')
[2017-07-04 21:40:17] /shop/index.php?con=store_goods_add&fun=image_upload ( con=store_goods_add&fun=image_upload ) 
ERR: Db Error: Column 'aclass_id' cannot be null
INSERT  INTO `shop_album_pic` (apic_name,apic_tag,aclass_id,apic_cover,apic_size,apic_spec,upload_time,store_id) VALUES ('5','',NULL,'244_05525196170312377.jpg','71918','800x800','1499175615','244')
[2017-07-04 21:41:02] /shop/index.php?con=store_goods_add&fun=image_upload ( con=store_goods_add&fun=image_upload ) 
ERR: Db Error: Column 'aclass_id' cannot be null
INSERT  INTO `shop_album_pic` (apic_name,apic_tag,aclass_id,apic_cover,apic_size,apic_spec,upload_time,store_id) VALUES ('1','',NULL,'244_05525196613123225.jpg','411598','750x3019','1499175660','244')
[2017-07-04 21:41:13] /shop/index.php?con=store_goods_add&fun=image_upload ( con=store_goods_add&fun=image_upload ) 
ERR: Db Error: Column 'aclass_id' cannot be null
INSERT  INTO `shop_album_pic` (apic_name,apic_tag,aclass_id,apic_cover,apic_size,apic_spec,upload_time,store_id) VALUES ('2','',NULL,'244_05525196717815358.jpg','493903','750x2084','1499175670','244')
[2017-07-04 21:41:46] /shop/index.php?con=store_goods_add&fun=image_upload ( con=store_goods_add&fun=image_upload ) 
ERR: Db Error: Column 'aclass_id' cannot be null
INSERT  INTO `shop_album_pic` (apic_name,apic_tag,aclass_id,apic_cover,apic_size,apic_spec,upload_time,store_id) VALUES ('1','',NULL,'244_05525197052650380.jpg','411598','750x3019','1499175704','244')
[2017-07-04 21:42:23] /shop/index.php?con=store_goods_add&fun=image_upload ( con=store_goods_add&fun=image_upload ) 
ERR: Db Error: Column 'aclass_id' cannot be null
INSERT  INTO `shop_album_pic` (apic_name,apic_tag,aclass_id,apic_cover,apic_size,apic_spec,upload_time,store_id) VALUES ('2','',NULL,'244_05525197429738750.jpg','57078','800x800','1499175741','244')
[2017-07-04 21:43:16] /shop/index.php?con=store_goods_add&fun=image_upload ( con=store_goods_add&fun=image_upload ) 
ERR: Db Error: Column 'aclass_id' cannot be null
INSERT  INTO `shop_album_pic` (apic_name,apic_tag,aclass_id,apic_cover,apic_size,apic_spec,upload_time,store_id) VALUES ('2','',NULL,'244_05525197956047331.jpg','57078','800x800','1499175794','244')
