[2017-10-19 15:56:27] /kaice/shop/index.php?con=mb_store_decoration&fun=decoration_setting ( con=mb_store_decoration&fun=decoration_setting ) 
ERR: Db Error: Table 'xinshop1.shop_mb_mb_store_decoration' doesn't exist
INSERT  INTO `shop_mb_mb_store_decoration` (decoration_name,store_id) VALUES ('默认装修','242')
[2017-10-19 16:28:13] /kaice/shop/index.php?con=mb_store_decoration&fun=decoration_setting ( con=mb_store_decoration&fun=decoration_setting ) 
ERR: Db Error: Table 'xinshop1.shop_mb_mb_store_decoration' doesn't exist
INSERT  INTO `shop_mb_mb_store_decoration` (decoration_name,store_id) VALUES ('默认装修','242')
[2017-10-19 16:28:15] /kaice/shop/index.php?con=mb_store_decoration&fun=decoration_setting ( con=mb_store_decoration&fun=decoration_setting ) 
ERR: Db Error: Table 'xinshop1.shop_mb_mb_store_decoration' doesn't exist
INSERT  INTO `shop_mb_mb_store_decoration` (decoration_name,store_id) VALUES ('默认装修','242')
[2017-10-19 16:28:28] /kaice/shop/index.php?con=mb_store_decoration&fun=decoration_setting ( con=mb_store_decoration&fun=decoration_setting ) 
ERR: Db Error: Table 'xinshop1.shop_mb_mb_store_decoration' doesn't exist
INSERT  INTO `shop_mb_mb_store_decoration` (decoration_name,store_id) VALUES ('默认装修','242')
[2017-10-19 16:31:04] /kaice/shop/index.php?con=mb_store_decoration&fun=decoration_edit&decoration_id=3 ( con=mb_store_decoration&fun=decoration_edit ) 
ERR: Db Error: Table 'xinshop1.shop_mb_store_decoration_block' doesn't exist
SELECT * FROM `shop_mb_store_decoration_block` mb_store_decoration_block WHERE ( decoration_id = '3' ) ORDER BY block_sort asc LIMIT 1000  
[2017-10-19 16:33:45] /kaice/shop/index.php?con=mb_store_decoration&fun=decoration_edit&decoration_id=3 ( con=mb_store_decoration&fun=decoration_edit ) 
ERR: Db Error: Table 'xinshop1.shop_mb_store_decoration_block' doesn't exist
SELECT * FROM `shop_mb_store_decoration_block` mb_store_decoration_block WHERE ( decoration_id = '3' ) ORDER BY block_sort asc LIMIT 1000  
[2017-10-19 16:34:16] /kaice/shop/index.php?con=mb_store_decoration&fun=decoration_edit&decoration_id=3 ( con=mb_store_decoration&fun=decoration_edit ) 
ERR: Db Error: Table 'xinshop1.shop_mb_store_decoration_block' doesn't exist
SELECT * FROM `shop_mb_store_decoration_block` mb_store_decoration_block WHERE ( decoration_id = '3' ) ORDER BY block_sort asc LIMIT 1000  
[2017-10-19 16:34:27] /kaice/shop/index.php?con=mb_store_decoration&fun=decoration_edit&decoration_id=3 ( con=mb_store_decoration&fun=decoration_edit ) 
ERR: Db Error: Table 'xinshop1.shop_mb_store_decoration_block' doesn't exist
SELECT * FROM `shop_mb_store_decoration_block` mb_store_decoration_block WHERE ( decoration_id = '3' ) ORDER BY block_sort asc LIMIT 1000  
[2017-10-19 16:35:33] /kaice/shop/index.php?con=mb_store_decoration&fun=decoration_edit&decoration_id=3 ( con=mb_store_decoration&fun=decoration_edit ) 
ERR: Db Error: Table 'xinshop1.shop_mb_store_decoration_block' doesn't exist
SELECT * FROM `shop_mb_store_decoration_block` mb_store_decoration_block WHERE ( decoration_id = '3' ) ORDER BY block_sort asc LIMIT 1000  
