[2017-12-27 00:03:08] /kaice/shop/index.php?con=visual_editing&fun=shop_banner ( con=visual_editing&fun=shop_banner ) 
ERR: Db Error: You have an error in your SQL syntax; check the manual that corresponds to your MySQL server version for the right syntax to use near 'WHERE 1' at line 1
SELECT album_id,album_mame FROMgallery_album WHERE 1 
[2017-12-27 00:03:23] /kaice/shop/index.php?con=visual_editing&fun=shop_banner&ww=3 ( con=visual_editing&fun=shop_banner ) 
ERR: Db Error: You have an error in your SQL syntax; check the manual that corresponds to your MySQL server version for the right syntax to use near 'WHERE 1' at line 1
SELECT album_id,album_mame FROMgallery_album WHERE 1 
[2017-12-27 00:20:57] /kaice/shop/index.php?con=visual_editing&fun=shop_banner ( con=visual_editing&fun=shop_banner ) 
ERR: Db Error: You have an error in your SQL syntax; check the manual that corresponds to your MySQL server version for the right syntax to use near 'WHERE 1' at line 1
SELECT album_id,album_mame FROMgallery_album WHERE 1 
[2017-12-27 00:21:26] /kaice/shop/index.php?con=visual_editing&fun=shop_banner ( con=visual_editing&fun=shop_banner ) 
ERR: Db Error: You have an error in your SQL syntax; check the manual that corresponds to your MySQL server version for the right syntax to use near 'WHERE 1' at line 1
SELECT album_id,album_mame FROMgallery_album WHERE 1 
[2017-12-27 00:21:26] /kaice/shop/index.php?con=visual_editing&fun=shop_banner ( con=visual_editing&fun=shop_banner ) 
ERR: Db Error: Table 'xinshop1.pic_album' doesn't exist
SELECT COUNT(*) FROM pic_album WHERE 1 ORDER BY add_time DESC
[2017-12-27 00:21:26] /kaice/shop/index.php?con=visual_editing&fun=shop_banner ( con=visual_editing&fun=shop_banner ) 
ERR: Db Error: Table 'xinshop1.pic_album' doesn't exist
SELECT * FROM pic_album WHERE 1 ORDER BY add_time DESC LIMIT 0,21
[2017-12-27 00:21:54] /kaice/shop/index.php?con=visual_editing&fun=shop_banner ( con=visual_editing&fun=shop_banner ) 
ERR: Db Error: You have an error in your SQL syntax; check the manual that corresponds to your MySQL server version for the right syntax to use near 'WHERE 1' at line 1
SELECT album_id,album_mame FROMgallery_album WHERE 1 
[2017-12-27 00:21:54] /kaice/shop/index.php?con=visual_editing&fun=shop_banner ( con=visual_editing&fun=shop_banner ) 
ERR: Db Error: Table 'xinshop1.pic_album' doesn't exist
SELECT COUNT(*) FROM pic_album WHERE 1 ORDER BY add_time DESC
[2017-12-27 00:21:54] /kaice/shop/index.php?con=visual_editing&fun=shop_banner ( con=visual_editing&fun=shop_banner ) 
ERR: Db Error: Table 'xinshop1.pic_album' doesn't exist
SELECT * FROM pic_album WHERE 1 ORDER BY add_time DESC LIMIT 0,21
[2017-12-27 00:22:05] /kaice/shop/index.php?con=visual_editing&fun=shop_banner ( con=visual_editing&fun=shop_banner ) 
ERR: Db Error: You have an error in your SQL syntax; check the manual that corresponds to your MySQL server version for the right syntax to use near 'WHERE 1' at line 1
SELECT album_id,album_mame FROMgallery_album WHERE 1 
[2017-12-27 00:22:05] /kaice/shop/index.php?con=visual_editing&fun=shop_banner ( con=visual_editing&fun=shop_banner ) 
ERR: Db Error: Table 'xinshop1.pic_album' doesn't exist
SELECT COUNT(*) FROM pic_album WHERE 1 ORDER BY add_time DESC
[2017-12-27 00:22:05] /kaice/shop/index.php?con=visual_editing&fun=shop_banner ( con=visual_editing&fun=shop_banner ) 
ERR: Db Error: Table 'xinshop1.pic_album' doesn't exist
SELECT * FROM pic_album WHERE 1 ORDER BY add_time DESC LIMIT 0,21
[2017-12-27 00:23:49] /kaice/shop/index.php?con=visual_editing&fun=shop_banner ( con=visual_editing&fun=shop_banner ) 
ERR: Db Error: You have an error in your SQL syntax; check the manual that corresponds to your MySQL server version for the right syntax to use near 'WHERE 1' at line 1
SELECT album_id,album_mame FROMgallery_album WHERE 1 
[2017-12-27 00:24:07] /kaice/shop/index.php?con=visual_editing&fun=shop_banner ( con=visual_editing&fun=shop_banner ) 
ERR: Db Error: You have an error in your SQL syntax; check the manual that corresponds to your MySQL server version for the right syntax to use near 'WHERE 1' at line 1
SELECT album_id,album_mame FROMgallery_album WHERE 1 
[2017-12-27 00:24:17] /kaice/shop/index.php?con=visual_editing&fun=shop_banner ( con=visual_editing&fun=shop_banner ) 
ERR: Db Error: You have an error in your SQL syntax; check the manual that corresponds to your MySQL server version for the right syntax to use near 'WHERE 1' at line 1
SELECT album_id,album_mame FROMgallery_album WHERE 1 
[2017-12-27 00:24:40] /kaice/shop/index.php?con=visual_editing&fun=shop_banner ( con=visual_editing&fun=shop_banner ) 
ERR: Db Error: You have an error in your SQL syntax; check the manual that corresponds to your MySQL server version for the right syntax to use near 'WHERE 1' at line 1
SELECT album_id,album_mame FROMgallery_album WHERE 1 
[2017-12-27 00:30:11] /kaice/shop/index.php?con=visual_editing&fun=shop_banner ( con=visual_editing&fun=shop_banner ) 
ERR: Db Error: You have an error in your SQL syntax; check the manual that corresponds to your MySQL server version for the right syntax to use near 'WHERE 1' at line 1
SELECT album_id,album_mame FROMshop_gallery_album WHERE 1 
[2017-12-27 00:31:23] /kaice/shop/index.php?con=visual_editing&fun=shop_banner ( con=visual_editing&fun=shop_banner ) 
ERR: Db Error: You have an error in your SQL syntax; check the manual that corresponds to your MySQL server version for the right syntax to use near 'WHERE 1' at line 1
SELECT album_id,album_mame FROMshop_gallery_album WHERE 1 
[2017-12-27 00:31:23] /kaice/shop/index.php?con=visual_editing&fun=shop_banner ( con=visual_editing&fun=shop_banner ) 
ERR: Db Error: Table 'xinshop1.shop_pic_album' doesn't exist
SELECT COUNT(*) FROM shop_pic_album WHERE 1 ORDER BY add_time DESC
[2017-12-27 00:31:48] /kaice/shop/index.php?con=visual_editing&fun=shop_banner ( con=visual_editing&fun=shop_banner ) 
ERR: Db Error: You have an error in your SQL syntax; check the manual that corresponds to your MySQL server version for the right syntax to use near 'WHERE 1' at line 1
SELECT album_id,album_mame FROMshop_gallery_album WHERE 1 
[2017-12-27 00:31:48] /kaice/shop/index.php?con=visual_editing&fun=shop_banner ( con=visual_editing&fun=shop_banner ) 
ERR: Db Error: Unknown column 'add_time' in 'order clause'
SELECT COUNT(*) FROM shop_templates_left WHERE 1 ORDER BY add_time DESC
[2017-12-27 00:32:06] /kaice/shop/index.php?con=visual_editing&fun=shop_banner ( con=visual_editing&fun=shop_banner ) 
ERR: Db Error: You have an error in your SQL syntax; check the manual that corresponds to your MySQL server version for the right syntax to use near 'WHERE 1' at line 1
SELECT album_id,album_mame FROMshop_gallery_album WHERE 1 
[2017-12-27 00:32:06] /kaice/shop/index.php?con=visual_editing&fun=shop_banner ( con=visual_editing&fun=shop_banner ) 
ERR: Db Error: Unknown column 'add_time' in 'order clause'
SELECT COUNT(*) FROM shop_store WHERE 1 ORDER BY add_time DESC
[2017-12-27 00:32:34] /kaice/shop/index.php?con=visual_editing&fun=shop_banner ( con=visual_editing&fun=shop_banner ) 
ERR: Db Error: You have an error in your SQL syntax; check the manual that corresponds to your MySQL server version for the right syntax to use near 'WHERE 1' at line 1
SELECT album_id,album_mame FROMshop_gallery_album WHERE 1 
[2017-12-27 00:36:57] /kaice/shop/index.php?con=visual_editing&fun=shop_banner ( con=visual_editing&fun=shop_banner ) 
ERR: Db Error: You have an error in your SQL syntax; check the manual that corresponds to your MySQL server version for the right syntax to use near 'WHERE 1' at line 1
SELECT album_id,album_mame FROMshop_gallery_album WHERE 1 
[2017-12-27 00:38:28] /kaice/shop/index.php?con=visual_editing&fun=shop_banner ( con=visual_editing&fun=shop_banner ) 
ERR: Db Error: You have an error in your SQL syntax; check the manual that corresponds to your MySQL server version for the right syntax to use near 'WHERE 1' at line 1
SELECT album_id,album_mame FROMshop_gallery_album WHERE 1 
[2017-12-27 00:43:06] /kaice/shop/index.php?con=visual_editing&fun=shop_banner ( con=visual_editing&fun=shop_banner ) 
ERR: Db Error: You have an error in your SQL syntax; check the manual that corresponds to your MySQL server version for the right syntax to use near 'WHERE 1' at line 1
SELECT album_id,album_mame FROMshop_gallery_album WHERE 1 
[2017-12-27 00:46:02] /kaice/shop/index.php?con=visual_editing&fun=shop_banner ( con=visual_editing&fun=shop_banner ) 
ERR: Db Error: You have an error in your SQL syntax; check the manual that corresponds to your MySQL server version for the right syntax to use near 'WHERE 1' at line 1
SELECT album_id,album_mame FROMshop_gallery_album WHERE 1 
[2017-12-27 00:46:02] /kaice/shop/index.php?con=visual_editing&fun=shop_banner ( con=visual_editing&fun=shop_banner ) 
ERR: Db Error: You have an error in your SQL syntax; check the manual that corresponds to your MySQL server version for the right syntax to use near 'WHERE 1 ORDER BY store_time DESC' at line 1
SELECT COUNT(*) as `count` FROM `shop_store` as `store`  WHERE  WHERE 1 ORDER BY store_time DESC
[2017-12-27 00:46:37] /kaice/shop/index.php?con=visual_editing&fun=shop_banner ( con=visual_editing&fun=shop_banner ) 
ERR: Db Error: You have an error in your SQL syntax; check the manual that corresponds to your MySQL server version for the right syntax to use near 'WHERE 1' at line 1
SELECT album_id,album_mame FROMshop_gallery_album WHERE 1 
[2017-12-27 00:48:20] /kaice/shop/index.php?con=visual_editing&fun=shop_banner ( con=visual_editing&fun=shop_banner ) 
ERR: Db Error: You have an error in your SQL syntax; check the manual that corresponds to your MySQL server version for the right syntax to use near 'WHERE 1' at line 1
SELECT album_id,album_mame FROMshop_gallery_album WHERE 1 
[2017-12-27 01:14:52] /kaice/shop/index.php?con=visual_editing&fun=shop_banner ( con=visual_editing&fun=shop_banner ) 
ERR: Db Error: You have an error in your SQL syntax; check the manual that corresponds to your MySQL server version for the right syntax to use near 'WHERE 1' at line 1
SELECT album_id,album_mame FROMshop_gallery_album WHERE 1 
[2017-12-27 01:15:08] /kaice/shop/index.php?con=visual_editing&fun=shop_banner ( con=visual_editing&fun=shop_banner ) 
ERR: Db Error: You have an error in your SQL syntax; check the manual that corresponds to your MySQL server version for the right syntax to use near 'WHERE 1' at line 1
SELECT album_id,album_mame FROMshop_gallery_album WHERE 1 
[2017-12-27 01:16:35] /kaice/shop/index.php?con=visual_editing&fun=shop_banner ( con=visual_editing&fun=shop_banner ) 
ERR: Db Error: You have an error in your SQL syntax; check the manual that corresponds to your MySQL server version for the right syntax to use near 'WHERE 1' at line 1
SELECT album_id,album_mame FROMshop_gallery_album WHERE 1 
[2017-12-27 01:18:42] /kaice/shop/index.php?con=visual_editing&fun=shop_banner ( con=visual_editing&fun=shop_banner ) 
ERR: Db Error: You have an error in your SQL syntax; check the manual that corresponds to your MySQL server version for the right syntax to use near 'WHERE 1' at line 1
SELECT album_id,album_mame FROMshop_gallery_album WHERE 1 
[2017-12-27 01:19:01] /kaice/shop/index.php?con=visual_editing&fun=shop_banner ( con=visual_editing&fun=shop_banner ) 
ERR: Db Error: You have an error in your SQL syntax; check the manual that corresponds to your MySQL server version for the right syntax to use near 'WHERE 1' at line 1
SELECT album_id,album_mame FROMshop_gallery_album WHERE 1 
[2017-12-27 01:19:36] /kaice/shop/index.php?con=visual_editing&fun=shop_banner ( con=visual_editing&fun=shop_banner ) 
ERR: Db Error: You have an error in your SQL syntax; check the manual that corresponds to your MySQL server version for the right syntax to use near 'WHERE 1' at line 1
SELECT album_id,album_mame FROMshop_gallery_album WHERE 1 
[2017-12-27 01:19:54] /kaice/shop/index.php?con=visual_editing&fun=shop_banner ( con=visual_editing&fun=shop_banner ) 
ERR: Db Error: You have an error in your SQL syntax; check the manual that corresponds to your MySQL server version for the right syntax to use near 'WHERE 1' at line 1
SELECT album_id,album_mame FROMshop_gallery_album WHERE 1 
[2017-12-27 01:24:38] /kaice/shop/index.php?con=visual_editing&fun=shop_banner ( con=visual_editing&fun=shop_banner ) 
ERR: Db Error: You have an error in your SQL syntax; check the manual that corresponds to your MySQL server version for the right syntax to use near 'WHERE 1' at line 1
SELECT album_id,album_mame FROMshop_gallery_album WHERE 1 
[2017-12-27 01:25:20] /kaice/shop/index.php?con=visual_editing&fun=shop_banner ( con=visual_editing&fun=shop_banner ) 
ERR: Db Error: You have an error in your SQL syntax; check the manual that corresponds to your MySQL server version for the right syntax to use near 'WHERE 1' at line 1
SELECT album_id,album_mame FROMshop_gallery_album WHERE 1 
[2017-12-27 01:26:07] /kaice/shop/index.php?con=visual_editing&fun=shop_banner ( con=visual_editing&fun=shop_banner ) 
ERR: Db Error: You have an error in your SQL syntax; check the manual that corresponds to your MySQL server version for the right syntax to use near 'WHERE 1' at line 1
SELECT album_id,album_mame FROMshop_gallery_album WHERE 1 
[2017-12-27 01:26:24] /kaice/shop/index.php?con=visual_editing&fun=shop_banner ( con=visual_editing&fun=shop_banner ) 
ERR: Db Error: You have an error in your SQL syntax; check the manual that corresponds to your MySQL server version for the right syntax to use near 'WHERE 1' at line 1
SELECT album_id,album_mame FROMshop_gallery_album WHERE 1 
[2017-12-27 01:26:58] /kaice/shop/index.php?con=visual_editing&fun=shop_banner ( con=visual_editing&fun=shop_banner ) 
ERR: Db Error: You have an error in your SQL syntax; check the manual that corresponds to your MySQL server version for the right syntax to use near 'WHERE 1' at line 1
SELECT album_id,album_mame FROMshop_gallery_album WHERE 1 
