[2018-11-20 01:11:41] http://manpay.sicpay.com/mall/index.php?con=search&fun=index&keyword=%E7%83%9F%E8%8A%B1 ( con=search&fun=index ) 
ERR: Db Error: Column 'is_own_shop' in order clause is ambiguous
SELECT COUNT(*) AS nc_count FROM `shop_goods` AS `goods` LEFT JOIN `shop_goods_common` AS `goods_common` ON goods.goods_commonid = goods_common.goods_commonid WHERE ( (goods.goods_name LIKE '%烟花%') OR (goods.goods_jingle LIKE '%烟花%') ) AND ( goods.goods_state = '1' ) AND ( goods.goods_verify = '1' ) GROUP BY goods.goods_commonid ORDER BY is_own_shop desc,goods_id desc LIMIT 1  
[2018-11-20 08:17:31] http://manpay.sicpay.com/mall/index.php?con=search&fun=index&keyword=%E7%B2%BE%E9%80%89 ( con=search&fun=index ) 
ERR: Db Error: Column 'is_own_shop' in order clause is ambiguous
SELECT COUNT(*) AS nc_count FROM `shop_goods` AS `goods` LEFT JOIN `shop_goods_common` AS `goods_common` ON goods.goods_commonid = goods_common.goods_commonid WHERE ( (goods.goods_name LIKE '%精选%') OR (goods.goods_jingle LIKE '%精选%') ) AND ( goods.goods_state = '1' ) AND ( goods.goods_verify = '1' ) GROUP BY goods.goods_commonid ORDER BY is_own_shop desc,goods_id desc LIMIT 1  
[2018-11-20 14:43:33] http://manpay.sicpay.com/mall/index.php?con=search&fun=index&keyword=%E7%89%9B%E8%82%89%E5%B9%B2 ( con=search&fun=index ) 
ERR: Db Error: Column 'is_own_shop' in order clause is ambiguous
SELECT COUNT(*) AS nc_count FROM `shop_goods` AS `goods` LEFT JOIN `shop_goods_common` AS `goods_common` ON goods.goods_commonid = goods_common.goods_commonid WHERE ( (goods.goods_name LIKE '%牛肉干%') OR (goods.goods_jingle LIKE '%牛肉干%') ) AND ( goods.goods_state = '1' ) AND ( goods.goods_verify = '1' ) GROUP BY goods.goods_commonid ORDER BY is_own_shop desc,goods_id desc LIMIT 1  
[2018-11-20 15:40:13] /mall/index.php?con=store_goods_add&fun=save_goods ( con=store_goods_add&fun=save_goods ) 
ERR: Db Error: Column 'video_class_id' cannot be null
INSERT  INTO `shop_video_album` (video_name,video_tag,video_class_id,video_cover,video_size,upload_time,store_id) VALUES ('','',NULL,NULL,'0','1542699613','251')
[2018-11-20 15:59:20] http://manpay.sicpay.com/mall/index.php?con=search&fun=index&keyword=%E9%85%92 ( con=search&fun=index ) 
ERR: Db Error: Column 'is_own_shop' in order clause is ambiguous
SELECT COUNT(*) AS nc_count FROM `shop_goods` AS `goods` LEFT JOIN `shop_goods_common` AS `goods_common` ON goods.goods_commonid = goods_common.goods_commonid WHERE ( (goods.goods_name LIKE '%酒%') OR (goods.goods_jingle LIKE '%酒%') ) AND ( goods.goods_state = '1' ) AND ( goods.goods_verify = '1' ) GROUP BY goods.goods_commonid ORDER BY is_own_shop desc,goods_id desc LIMIT 1  
[2018-11-20 16:19:19] /mall/index.php?con=store_goods_add&fun=save_goods ( con=store_goods_add&fun=save_goods ) 
ERR: Db Error: Column 'video_class_id' cannot be null
INSERT  INTO `shop_video_album` (video_name,video_tag,video_class_id,video_cover,video_size,upload_time,store_id) VALUES ('','',NULL,NULL,'0','1542701959','251')
[2018-11-20 16:25:55] /mall/index.php?con=store_goods_add&fun=save_goods ( con=store_goods_add&fun=save_goods ) 
ERR: Db Error: Column 'video_class_id' cannot be null
INSERT  INTO `shop_video_album` (video_name,video_tag,video_class_id,video_cover,video_size,upload_time,store_id) VALUES ('','',NULL,NULL,'0','1542702355','251')
[2018-11-20 16:30:08] /mall/index.php?con=store_goods_add&fun=save_goods ( con=store_goods_add&fun=save_goods ) 
ERR: Db Error: Column 'video_class_id' cannot be null
INSERT  INTO `shop_video_album` (video_name,video_tag,video_class_id,video_cover,video_size,upload_time,store_id) VALUES ('','',NULL,NULL,'0','1542702608','251')
[2018-11-20 16:32:47] /mall/index.php?con=store_goods_add&fun=save_goods ( con=store_goods_add&fun=save_goods ) 
ERR: Db Error: Column 'video_class_id' cannot be null
INSERT  INTO `shop_video_album` (video_name,video_tag,video_class_id,video_cover,video_size,upload_time,store_id) VALUES ('','',NULL,NULL,'0','1542702767','251')
[2018-11-20 16:36:18] /mall/index.php?con=store_goods_add&fun=save_goods ( con=store_goods_add&fun=save_goods ) 
ERR: Db Error: Column 'video_class_id' cannot be null
INSERT  INTO `shop_video_album` (video_name,video_tag,video_class_id,video_cover,video_size,upload_time,store_id) VALUES ('','',NULL,NULL,'0','1542702978','251')
[2018-11-20 17:15:07] http://manpay.sicpay.com/mall/index.php?con=search&fun=index&keyword=%E5%A5%B3%E8%A3%85 ( con=search&fun=index ) 
ERR: Db Error: Column 'is_own_shop' in order clause is ambiguous
SELECT COUNT(*) AS nc_count FROM `shop_goods` AS `goods` LEFT JOIN `shop_goods_common` AS `goods_common` ON goods.goods_commonid = goods_common.goods_commonid WHERE ( (goods.goods_name LIKE '%女装%') OR (goods.goods_jingle LIKE '%女装%') ) AND ( goods.goods_state = '1' ) AND ( goods.goods_verify = '1' ) GROUP BY goods.goods_commonid ORDER BY is_own_shop desc,goods_id desc LIMIT 1  
[2018-11-20 18:30:54] http://manpay.sicpay.com/mall/index.php?con=search&fun=index&keyword=%E5%9D%9A%E6%9E%9C ( con=search&fun=index ) 
ERR: Db Error: Column 'is_own_shop' in order clause is ambiguous
SELECT COUNT(*) AS nc_count FROM `shop_goods` AS `goods` LEFT JOIN `shop_goods_common` AS `goods_common` ON goods.goods_commonid = goods_common.goods_commonid WHERE ( (goods.goods_name LIKE '%坚果%') OR (goods.goods_jingle LIKE '%坚果%') ) AND ( goods.goods_state = '1' ) AND ( goods.goods_verify = '1' ) GROUP BY goods.goods_commonid ORDER BY is_own_shop desc,goods_id desc LIMIT 1  
