[2018-01-12 00:14:31] /kaice/shop/index.php?con=visual_editing&fun=homeFloor ( con=visual_editing&fun=homefloor ) 
ERR: Db Error: Unknown column 'parent_id' in 'field list'
SELECT parent_id FROM shop_store_goods_class WHERE stc_parent_id = '533' LIMIT 1
[2018-01-12 00:22:00] /kaice/shop/index.php?con=visual_editing&fun=homeFloor ( con=visual_editing&fun=homefloor ) 
ERR: Db Error: Unknown column 'parent_id' in 'field list'
SELECT parent_id FROM shop_store_goods_class WHERE stc_parent_id = '533' LIMIT 1
[2018-01-12 00:23:04] /kaice/shop/index.php?con=visual_editing&fun=homeFloor ( con=visual_editing&fun=homefloor ) 
ERR: Db Error: Unknown column 'parent_id' in 'field list'
SELECT parent_id FROM shop_store_goods_class WHERE stc_parent_id = '533' LIMIT 1
[2018-01-12 00:23:24] /kaice/shop/index.php?con=visual_editing&fun=homeFloor ( con=visual_editing&fun=homefloor ) 
ERR: Db Error: Unknown column 'parent_id' in 'field list'
SELECT parent_id FROM shop_store_goods_class WHERE stc_parent_id = '533' LIMIT 1
[2018-01-12 00:26:40] /kaice/shop/index.php?con=visual_editing&fun=homeFloor ( con=visual_editing&fun=homefloor ) 
ERR: Db Error: Unknown column 'parent_id' in 'field list'
SELECT parent_id FROM shop_store_goods_class WHERE stc_parent_id = '533' LIMIT 1
[2018-01-12 00:27:24] /kaice/shop/index.php?con=visual_editing&fun=homeFloor ( con=visual_editing&fun=homefloor ) 
ERR: Db Error: Unknown column 'parent_id' in 'field list'
SELECT parent_id FROM shop_store_goods_class WHERE stc_parent_id = '533' LIMIT 1
[2018-01-12 00:41:01] /kaice/shop/index.php?con=visual_editing&fun=homeFloor ( con=visual_editing&fun=homefloor ) 
ERR: Db Error: Unknown column 'parent_id' in 'field list'
SELECT parent_id FROM shop_store_goods_class WHERE stc_parent_id = '533' LIMIT 1
[2018-01-12 00:41:10] /kaice/shop/index.php?con=visual_editing&fun=homeFloor ( con=visual_editing&fun=homefloor ) 
ERR: Db Error: Unknown column 'parent_id' in 'field list'
SELECT parent_id FROM shop_store_goods_class WHERE stc_parent_id = '533' LIMIT 1
[2018-01-12 00:49:09] /kaice/shop/index.php?con=visual_editing&fun=homeFloor ( con=visual_editing&fun=homefloor ) 
ERR: Db Error: Unknown column 'parent_id' in 'field list'
SELECT parent_id FROM shop_store_goods_class WHERE stc_parent_id = '533' LIMIT 1
[2018-01-12 01:00:35] /kaice/shop/index.php?con=visual_editing&fun=homeFloor ( con=visual_editing&fun=homefloor ) 
ERR: Db Error: Unknown column 'parent_id' in 'field list'
SELECT parent_id FROM shop_store_goods_class WHERE stc_parent_id = '533' LIMIT 1
[2018-01-12 01:02:34] /kaice/shop/index.php?con=visual_editing&fun=homeFloor ( con=visual_editing&fun=homefloor ) 
ERR: Db Error: Unknown column 'parent_id' in 'field list'
SELECT parent_id FROM shop_store_goods_class WHERE stc_parent_id = '533' LIMIT 1
[2018-01-12 01:12:01] /kaice/shop/index.php?con=visual_editing&fun=homeFloor ( con=visual_editing&fun=homefloor ) 
ERR: Db Error: Unknown column 'parent_id' in 'field list'
SELECT parent_id FROM shop_store_goods_class WHERE stc_parent_id = '533' LIMIT 1
[2018-01-12 01:13:32] /kaice/shop/index.php?con=visual_editing&fun=homeFloor ( con=visual_editing&fun=homefloor ) 
ERR: Db Error: Unknown column 'parent_id' in 'field list'
SELECT parent_id FROM shop_store_goods_class WHERE stc_parent_id = '533' LIMIT 1
[2018-01-12 01:14:47] /kaice/shop/index.php?con=visual_editing&fun=homeFloor ( con=visual_editing&fun=homefloor ) 
ERR: Db Error: Unknown column 'parent_id' in 'field list'
SELECT parent_id FROM shop_store_goods_class WHERE stc_parent_id = '533' LIMIT 1
[2018-01-12 01:15:28] /kaice/shop/index.php?con=visual_editing&fun=homeFloor ( con=visual_editing&fun=homefloor ) 
ERR: Db Error: Unknown column 'parent_id' in 'field list'
SELECT parent_id FROM shop_store_goods_class WHERE stc_parent_id = '533' LIMIT 1
[2018-01-12 01:19:19] /kaice/shop/index.php?con=visual_editing&fun=homeFloor ( con=visual_editing&fun=homefloor ) 
ERR: Db Error: Unknown column 'parent_id' in 'field list'
SELECT parent_id FROM shop_store_goods_class WHERE stc_parent_id = '533' LIMIT 1
[2018-01-12 01:21:44] /kaice/shop/index.php?con=visual_editing&fun=homeFloor ( con=visual_editing&fun=homefloor ) 
ERR: Db Error: Unknown column 'parent_id' in 'field list'
SELECT parent_id FROM shop_store_goods_class WHERE stc_parent_id = '533' LIMIT 1
[2018-01-12 01:22:45] /kaice/shop/index.php?con=visual_editing&fun=homeFloor ( con=visual_editing&fun=homefloor ) 
ERR: Db Error: Unknown column 'parent_id' in 'field list'
SELECT parent_id FROM shop_store_goods_class WHERE stc_parent_id = '533' LIMIT 1
[2018-01-12 01:24:14] /kaice/shop/index.php?con=visual_editing&fun=homeFloor ( con=visual_editing&fun=homefloor ) 
ERR: Db Error: Unknown column 'parent_id' in 'field list'
SELECT parent_id FROM shop_store_goods_class WHERE stc_parent_id = '533' LIMIT 1
[2018-01-12 01:25:02] /kaice/shop/index.php?con=visual_editing&fun=homeFloor ( con=visual_editing&fun=homefloor ) 
ERR: Db Error: Unknown column 'parent_id' in 'field list'
SELECT parent_id FROM shop_store_goods_class WHERE stc_parent_id = '533' LIMIT 1
[2018-01-12 01:25:47] /kaice/shop/index.php?con=visual_editing&fun=homeFloor ( con=visual_editing&fun=homefloor ) 
ERR: Db Error: Unknown column 'parent_id' in 'field list'
SELECT parent_id FROM shop_store_goods_class WHERE stc_parent_id = '533' LIMIT 1
[2018-01-12 01:28:41] /kaice/shop/index.php?con=visual_editing&fun=homeFloor ( con=visual_editing&fun=homefloor ) 
ERR: Db Error: Unknown column 'parent_id' in 'field list'
SELECT parent_id FROM shop_store_goods_class WHERE stc_parent_id = '533' LIMIT 1
[2018-01-12 01:36:37] /kaice/shop/index.php?con=visual_editing&fun=homeFloor1&act=homeFloor ( con=visual_editing&fun=homefloor1 ) 
ERR: Db Error: Unknown column 'cat_id' in 'field list'
SELECT cat_id,cat_name,cat_alias_name,style_icon FROM shop_store_goods_class WHERE stc_parent_id = '4' LIMIT 1
[2018-01-12 02:21:07] /kaice/shop/index.php?con=visual_editing&fun=homeFloor ( con=visual_editing&fun=homefloor ) 
ERR: Db Error: Unknown column 'parent_id' in 'field list'
SELECT parent_id FROM shop_store_goods_class WHERE stc_parent_id = '533' LIMIT 1
[2018-01-12 02:21:17] /kaice/shop/index.php?con=visual_editing&fun=homeFloor1&act=homeFloor ( con=visual_editing&fun=homefloor1 ) 
ERR: Db Error: Unknown column 'cat_id' in 'field list'
SELECT cat_id,cat_name,cat_alias_name,style_icon FROM shop_store_goods_class WHERE stc_parent_id = '4' LIMIT 1
[2018-01-12 02:21:39] /kaice/shop/index.php?con=visual_editing&fun=homeFloor ( con=visual_editing&fun=homefloor ) 
ERR: Db Error: Unknown column 'parent_id' in 'field list'
SELECT parent_id FROM shop_store_goods_class WHERE stc_parent_id = '533' LIMIT 1
[2018-01-12 02:21:48] /kaice/shop/index.php?con=visual_editing&fun=homeFloor1&act=homeFloor ( con=visual_editing&fun=homefloor1 ) 
ERR: Db Error: Unknown column 'cat_id' in 'field list'
SELECT cat_id,cat_name,cat_alias_name,style_icon FROM shop_store_goods_class WHERE stc_parent_id = '4' LIMIT 1
[2018-01-12 02:23:10] /kaice/shop/index.php?con=visual_editing&fun=homeFloor ( con=visual_editing&fun=homefloor ) 
ERR: Db Error: Unknown column 'parent_id' in 'field list'
SELECT parent_id FROM shop_store_goods_class WHERE stc_parent_id = '533' LIMIT 1
[2018-01-12 02:23:21] /kaice/shop/index.php?con=visual_editing&fun=homeFloor1&act=homeFloor ( con=visual_editing&fun=homefloor1 ) 
ERR: Db Error: Unknown column 'cat_id' in 'field list'
SELECT cat_id,cat_name,cat_alias_name,style_icon FROM shop_store_goods_class WHERE stc_parent_id = '4' LIMIT 1
[2018-01-12 02:24:25] /kaice/shop/index.php?con=visual_editing&fun=homeFloor ( con=visual_editing&fun=homefloor ) 
ERR: Db Error: Unknown column 'parent_id' in 'field list'
SELECT parent_id FROM shop_store_goods_class WHERE stc_parent_id = '533' LIMIT 1
[2018-01-12 02:24:36] /kaice/shop/index.php?con=visual_editing&fun=homeFloor1&act=homeFloor ( con=visual_editing&fun=homefloor1 ) 
ERR: Db Error: Unknown column 'cat_id' in 'field list'
SELECT cat_id,cat_name,cat_alias_name,style_icon FROM shop_store_goods_class WHERE stc_parent_id = '4' LIMIT 1
[2018-01-12 02:28:56] /kaice/shop/index.php?con=visual_editing&fun=homeFloor ( con=visual_editing&fun=homefloor ) 
ERR: Db Error: Unknown column 'parent_id' in 'field list'
SELECT parent_id FROM shop_store_goods_class WHERE stc_parent_id = '533' LIMIT 1
[2018-01-12 02:29:38] /kaice/shop/index.php?con=visual_editing&fun=homeFloor1&act=homeFloor ( con=visual_editing&fun=homefloor1 ) 
ERR: Db Error: Unknown column 'cat_id' in 'field list'
SELECT cat_id,cat_name,cat_alias_name,style_icon FROM shop_store_goods_class WHERE stc_parent_id = '4' LIMIT 1
[2018-01-12 02:29:54] /kaice/shop/index.php?con=visual_editing&fun=homeFloor ( con=visual_editing&fun=homefloor ) 
ERR: Db Error: Unknown column 'parent_id' in 'field list'
SELECT parent_id FROM shop_store_goods_class WHERE stc_parent_id = '4' LIMIT 1
[2018-01-12 02:30:07] /kaice/shop/index.php?con=visual_editing&fun=homeFloor1&act=homeFloor ( con=visual_editing&fun=homefloor1 ) 
ERR: Db Error: Unknown column 'cat_id' in 'field list'
SELECT cat_id,cat_name,cat_alias_name,style_icon FROM shop_store_goods_class WHERE stc_parent_id = '4' LIMIT 1
[2018-01-12 02:34:43] /kaice/shop/index.php?con=visual_editing&fun=homeFloor ( con=visual_editing&fun=homefloor ) 
ERR: Db Error: Unknown column 'parent_id' in 'field list'
SELECT parent_id FROM shop_store_goods_class WHERE stc_parent_id = '4' LIMIT 1
[2018-01-12 02:35:00] /kaice/shop/index.php?con=visual_editing&fun=homeFloor1&act=homeFloor ( con=visual_editing&fun=homefloor1 ) 
ERR: Db Error: Unknown column 'cat_id' in 'field list'
SELECT cat_id,cat_name,cat_alias_name,style_icon FROM shop_store_goods_class WHERE stc_parent_id = '4' LIMIT 1
[2018-01-12 02:36:07] /kaice/shop/index.php?con=visual_editing&fun=homeFloor ( con=visual_editing&fun=homefloor ) 
ERR: Db Error: Unknown column 'parent_id' in 'field list'
SELECT parent_id FROM shop_store_goods_class WHERE stc_parent_id = '4' LIMIT 1
[2018-01-12 02:36:18] /kaice/shop/index.php?con=visual_editing&fun=homeFloor1&act=homeFloor ( con=visual_editing&fun=homefloor1 ) 
ERR: Db Error: Unknown column 'cat_id' in 'field list'
SELECT cat_id,cat_name,cat_alias_name,style_icon FROM shop_store_goods_class WHERE stc_parent_id = '4' LIMIT 1
[2018-01-12 02:39:47] /kaice/shop/index.php?con=visual_editing&fun=homeFloor ( con=visual_editing&fun=homefloor ) 
ERR: Db Error: Unknown column 'parent_id' in 'field list'
SELECT parent_id FROM shop_store_goods_class WHERE stc_parent_id = '4' LIMIT 1
[2018-01-12 02:39:59] /kaice/shop/index.php?con=visual_editing&fun=homeFloor1&act=homeFloor ( con=visual_editing&fun=homefloor1 ) 
ERR: Db Error: Unknown column 'cat_id' in 'field list'
SELECT cat_id,cat_name,cat_alias_name,style_icon FROM shop_store_goods_class WHERE stc_parent_id = '4' LIMIT 1
[2018-01-12 02:39:59] /kaice/shop/index.php?con=visual_editing&fun=homeFloor1&act=homeFloor ( con=visual_editing&fun=homefloor1 ) 
ERR: Db Error: Unknown column 'b.brand_id' in 'where clause'
SELECT brand_id,brand_name,brand_pic FROM shop_brand WHERE 1 AND b.brand_id in (466,125)
[2018-01-12 02:40:29] /kaice/shop/index.php?con=visual_editing&fun=homeFloor ( con=visual_editing&fun=homefloor ) 
ERR: Db Error: Unknown column 'parent_id' in 'field list'
SELECT parent_id FROM shop_store_goods_class WHERE stc_parent_id = '4' LIMIT 1
[2018-01-12 02:40:41] /kaice/shop/index.php?con=visual_editing&fun=homeFloor1&act=homeFloor ( con=visual_editing&fun=homefloor1 ) 
ERR: Db Error: Unknown column 'cat_id' in 'field list'
SELECT cat_id,cat_name,cat_alias_name,style_icon FROM shop_store_goods_class WHERE stc_parent_id = '4' LIMIT 1
[2018-01-12 02:44:59] /kaice/shop/index.php?con=visual_editing&fun=homeFloor ( con=visual_editing&fun=homefloor ) 
ERR: Db Error: Unknown column 'parent_id' in 'field list'
SELECT parent_id FROM shop_store_goods_class WHERE stc_parent_id = '4' LIMIT 1
[2018-01-12 02:45:11] /kaice/shop/index.php?con=visual_editing&fun=homeFloor1&act=homeFloor ( con=visual_editing&fun=homefloor1 ) 
ERR: Db Error: Unknown column 'cat_id' in 'field list'
SELECT cat_id,cat_name,cat_alias_name,style_icon FROM shop_store_goods_class WHERE stc_parent_id = '4' LIMIT 1
[2018-01-12 02:48:35] /kaice/shop/index.php?con=visual_editing&fun=homeFloor ( con=visual_editing&fun=homefloor ) 
ERR: Db Error: Unknown column 'parent_id' in 'field list'
SELECT parent_id FROM shop_store_goods_class WHERE stc_parent_id = '4' LIMIT 1
[2018-01-12 02:48:51] /kaice/shop/index.php?con=visual_editing&fun=homeFloor1&act=homeFloor ( con=visual_editing&fun=homefloor1 ) 
ERR: Db Error: Unknown column 'cat_id' in 'field list'
SELECT cat_id,cat_name,cat_alias_name,style_icon FROM shop_store_goods_class WHERE stc_parent_id = '4' LIMIT 1
[2018-01-12 02:49:11] /kaice/shop/index.php?con=visual_editing&fun=homeFloor ( con=visual_editing&fun=homefloor ) 
ERR: Db Error: Unknown column 'parent_id' in 'field list'
SELECT parent_id FROM shop_store_goods_class WHERE stc_parent_id = '4' LIMIT 1
[2018-01-12 02:49:22] /kaice/shop/index.php?con=visual_editing&fun=homeFloor1&act=homeFloor ( con=visual_editing&fun=homefloor1 ) 
ERR: Db Error: Unknown column 'cat_id' in 'field list'
SELECT cat_id,cat_name,cat_alias_name,style_icon FROM shop_store_goods_class WHERE stc_parent_id = '4' LIMIT 1
[2018-01-12 02:49:41] /kaice/shop/index.php?con=visual_editing&fun=homeFloor ( con=visual_editing&fun=homefloor ) 
ERR: Db Error: Unknown column 'parent_id' in 'field list'
SELECT parent_id FROM shop_store_goods_class WHERE stc_parent_id = '4' LIMIT 1
[2018-01-12 02:57:21] /kaice/shop/index.php?con=visual_editing&fun=homeFloor ( con=visual_editing&fun=homefloor ) 
ERR: Db Error: Unknown column 'parent_id' in 'field list'
SELECT parent_id FROM shop_store_goods_class WHERE stc_parent_id = '4' LIMIT 1
[2018-01-12 02:57:25] /kaice/shop/index.php?con=visual_editing&fun=homeFloor1&act=homeFloor ( con=visual_editing&fun=homefloor1 ) 
ERR: Db Error: Unknown column 'cat_id' in 'field list'
SELECT cat_id,cat_name,cat_alias_name,style_icon FROM shop_store_goods_class WHERE stc_parent_id = '4' LIMIT 1
[2018-01-12 02:57:33] /kaice/shop/index.php?con=visual_editing&fun=homeFloor ( con=visual_editing&fun=homefloor ) 
ERR: Db Error: Unknown column 'parent_id' in 'field list'
SELECT parent_id FROM shop_store_goods_class WHERE stc_parent_id = '4' LIMIT 1
[2018-01-12 02:57:44] /kaice/shop/index.php?con=visual_editing&fun=homeFloor1&act=homeFloor ( con=visual_editing&fun=homefloor1 ) 
ERR: Db Error: Unknown column 'cat_id' in 'field list'
SELECT cat_id,cat_name,cat_alias_name,style_icon FROM shop_store_goods_class WHERE stc_parent_id = '4' LIMIT 1
[2018-01-12 02:58:04] /kaice/shop/index.php?con=visual_editing&fun=homeFloor ( con=visual_editing&fun=homefloor ) 
ERR: Db Error: Unknown column 'parent_id' in 'field list'
SELECT parent_id FROM shop_store_goods_class WHERE stc_parent_id = '4' LIMIT 1
[2018-01-12 02:58:16] /kaice/shop/index.php?con=visual_editing&fun=homeFloor1&act=homeFloor ( con=visual_editing&fun=homefloor1 ) 
ERR: Db Error: Unknown column 'cat_id' in 'field list'
SELECT cat_id,cat_name,cat_alias_name,style_icon FROM shop_store_goods_class WHERE stc_parent_id = '4' LIMIT 1
[2018-01-12 02:58:25] /kaice/shop/index.php?con=visual_editing&fun=homeFloor ( con=visual_editing&fun=homefloor ) 
ERR: Db Error: Unknown column 'parent_id' in 'field list'
SELECT parent_id FROM shop_store_goods_class WHERE stc_parent_id = '4' LIMIT 1
[2018-01-12 02:58:41] /kaice/shop/index.php?con=visual_editing&fun=homeFloor1&act=homeFloor ( con=visual_editing&fun=homefloor1 ) 
ERR: Db Error: Unknown column 'cat_id' in 'field list'
SELECT cat_id,cat_name,cat_alias_name,style_icon FROM shop_store_goods_class WHERE stc_parent_id = '4' LIMIT 1
[2018-01-12 02:58:48] /kaice/shop/index.php?con=visual_editing&fun=homeFloor ( con=visual_editing&fun=homefloor ) 
ERR: Db Error: Unknown column 'parent_id' in 'field list'
SELECT parent_id FROM shop_store_goods_class WHERE stc_parent_id = '4' LIMIT 1
[2018-01-12 02:59:07] /kaice/shop/index.php?con=visual_editing&fun=homeFloor1&act=homeFloor ( con=visual_editing&fun=homefloor1 ) 
ERR: Db Error: Unknown column 'cat_id' in 'field list'
SELECT cat_id,cat_name,cat_alias_name,style_icon FROM shop_store_goods_class WHERE stc_parent_id = '4' LIMIT 1
[2018-01-12 02:59:16] /kaice/shop/index.php?con=visual_editing&fun=homeFloor ( con=visual_editing&fun=homefloor ) 
ERR: Db Error: Unknown column 'parent_id' in 'field list'
SELECT parent_id FROM shop_store_goods_class WHERE stc_parent_id = '4' LIMIT 1
[2018-01-12 02:59:24] /kaice/shop/index.php?con=visual_editing&fun=homeFloor1&act=homeFloor ( con=visual_editing&fun=homefloor1 ) 
ERR: Db Error: Unknown column 'cat_id' in 'field list'
SELECT cat_id,cat_name,cat_alias_name,style_icon FROM shop_store_goods_class WHERE stc_parent_id = '4' LIMIT 1
[2018-01-12 03:10:05] /kaice/shop/index.php?con=visual_editing&fun=homeFloor ( con=visual_editing&fun=homefloor ) 
ERR: Db Error: Unknown column 'parent_id' in 'field list'
SELECT parent_id FROM shop_goods_class WHERE gc_id = '4' LIMIT 1
[2018-01-12 03:12:34] /kaice/shop/index.php?con=visual_editing&fun=homeFloor ( con=visual_editing&fun=homefloor ) 
ERR: Db Error: Unknown column 'parent_id' in 'field list'
SELECT parent_id FROM shop_goods_class WHERE gc_id = '4' LIMIT 1
[2018-01-12 03:14:06] /kaice/shop/index.php?con=visual_editing&fun=homeFloor ( con=visual_editing&fun=homefloor ) 
ERR: Db Error: Unknown column 'parent_id' in 'field list'
SELECT parent_id FROM shop_goods_class WHERE gc_id = '4' LIMIT 1
[2018-01-12 03:15:58] /kaice/shop/index.php?con=visual_editing&fun=homeFloor ( con=visual_editing&fun=homefloor ) 
ERR: Db Error: Unknown column 'parent_id' in 'field list'
SELECT parent_id FROM shop_goods_class WHERE gc_id = '4' LIMIT 1
[2018-01-12 03:17:36] /kaice/shop/index.php?con=visual_editing&fun=homeFloor ( con=visual_editing&fun=homefloor ) 
ERR: Db Error: Unknown column 'parent_id' in 'field list'
SELECT parent_id FROM shop_goods_class WHERE gc_id = '4' LIMIT 1
[2018-01-12 03:27:07] /kaice/shop/index.php?con=visual_editing&fun=homeFloor ( con=visual_editing&fun=homefloor ) 
ERR: Db Error: Unknown column 'parent_id' in 'field list'
SELECT parent_id FROM shop_goods_class WHERE gc_id = '4' LIMIT 1
[2018-01-12 03:27:26] /kaice/shop/index.php?con=visual_editing&fun=homeFloor ( con=visual_editing&fun=homefloor ) 
ERR: Db Error: Unknown column 'parent_id' in 'field list'
SELECT parent_id FROM shop_goods_class WHERE gc_id = '4' LIMIT 1
[2018-01-12 03:29:24] /kaice/shop/index.php?con=visual_editing&fun=homeFloor ( con=visual_editing&fun=homefloor ) 
ERR: Db Error: Unknown column 'parent_id' in 'field list'
SELECT parent_id FROM shop_goods_class WHERE gc_id = '4' LIMIT 1
[2018-01-12 03:29:40] /kaice/shop/index.php?con=visual_editing&fun=homeFloor ( con=visual_editing&fun=homefloor ) 
ERR: Db Error: Unknown column 'parent_id' in 'field list'
SELECT parent_id FROM shop_goods_class WHERE gc_id = '4' LIMIT 1
[2018-01-12 03:29:55] /kaice/shop/index.php?con=visual_editing&fun=homeFloor ( con=visual_editing&fun=homefloor ) 
ERR: Db Error: Unknown column 'parent_id' in 'field list'
SELECT parent_id FROM shop_goods_class WHERE gc_id = '4' LIMIT 1
[2018-01-12 03:30:33] /kaice/shop/index.php?con=visual_editing&fun=homeFloor ( con=visual_editing&fun=homefloor ) 
ERR: Db Error: Unknown column 'parent_id' in 'field list'
SELECT parent_id FROM shop_goods_class WHERE gc_id = '4' LIMIT 1
[2018-01-12 03:30:45] /kaice/shop/index.php?con=visual_editing&fun=homeFloor ( con=visual_editing&fun=homefloor ) 
ERR: Db Error: Unknown column 'parent_id' in 'field list'
SELECT parent_id FROM shop_goods_class WHERE gc_id = '4' LIMIT 1
[2018-01-12 03:31:26] /kaice/shop/index.php?con=visual_editing&fun=homeFloor ( con=visual_editing&fun=homefloor ) 
ERR: Db Error: Unknown column 'parent_id' in 'field list'
SELECT parent_id FROM shop_goods_class WHERE gc_id = '4' LIMIT 1
[2018-01-12 14:26:29] /kaice/shop/index.php?con=visual_editing&fun=homeFloor ( con=visual_editing&fun=homefloor ) 
ERR: Db Error: Unknown column '$cat_id' in 'field list'
SELECT $cat_id FROM shop_goods_class WHERE gc_id = '4' LIMIT 1
[2018-01-12 19:26:08] /kaice/shop/index.php?con=visual_editing&fun=generate ( con=visual_editing&fun=generate ) 
ERR: Db Error: You have an error in your SQL syntax; check the manual that corresponds to your MySQL server version for the right syntax to use near 'WHERE ru_id = '242' AND seller_templates = 'store_tpl_1' AND type='head' AND the' at line 1
SELECT id  FROMshop_templates_left WHERE ru_id = '242' AND seller_templates = 'store_tpl_1' AND type='head' AND theme = ''
[2018-01-12 19:38:01] /kaice/shop/index.php?con=visual_editing&fun=generate ( con=visual_editing&fun=generate ) 
ERR: Db Error: You have an error in your SQL syntax; check the manual that corresponds to your MySQL server version for the right syntax to use near 'WHERE ru_id = '242' AND seller_templates = 'store_tpl_1' AND type='head' AND the' at line 1
SELECT id  FROMshop_templates_left WHERE ru_id = '242' AND seller_templates = 'store_tpl_1' AND type='head' AND theme = ''
[2018-01-12 19:38:03] /kaice/shop/index.php?con=visual_editing&fun=generate ( con=visual_editing&fun=generate ) 
ERR: Db Error: You have an error in your SQL syntax; check the manual that corresponds to your MySQL server version for the right syntax to use near 'WHERE ru_id = '242' AND seller_templates = 'store_tpl_1' AND type='head' AND the' at line 1
SELECT id  FROMshop_templates_left WHERE ru_id = '242' AND seller_templates = 'store_tpl_1' AND type='head' AND theme = ''
[2018-01-12 19:41:13] /kaice/shop/index.php?con=visual_editing&fun=generate ( con=visual_editing&fun=generate ) 
ERR: Db Error: You have an error in your SQL syntax; check the manual that corresponds to your MySQL server version for the right syntax to use near 'WHERE ru_id = '242' AND seller_templates = 'store_tpl_1' AND type='head' AND the' at line 1
SELECT id  FROMshop_templates_left WHERE ru_id = '242' AND seller_templates = 'store_tpl_1' AND type='head' AND theme = ''
[2018-01-12 19:41:15] /kaice/shop/index.php?con=visual_editing&fun=generate ( con=visual_editing&fun=generate ) 
ERR: Db Error: You have an error in your SQL syntax; check the manual that corresponds to your MySQL server version for the right syntax to use near 'WHERE ru_id = '242' AND seller_templates = 'store_tpl_1' AND type='head' AND the' at line 1
SELECT id  FROMshop_templates_left WHERE ru_id = '242' AND seller_templates = 'store_tpl_1' AND type='head' AND theme = ''
[2018-01-12 19:41:16] /kaice/shop/index.php?con=visual_editing&fun=generate ( con=visual_editing&fun=generate ) 
ERR: Db Error: You have an error in your SQL syntax; check the manual that corresponds to your MySQL server version for the right syntax to use near 'WHERE ru_id = '242' AND seller_templates = 'store_tpl_1' AND type='head' AND the' at line 1
SELECT id  FROMshop_templates_left WHERE ru_id = '242' AND seller_templates = 'store_tpl_1' AND type='head' AND theme = ''
[2018-01-12 19:41:18] /kaice/shop/index.php?con=visual_editing&fun=generate ( con=visual_editing&fun=generate ) 
ERR: Db Error: You have an error in your SQL syntax; check the manual that corresponds to your MySQL server version for the right syntax to use near 'WHERE ru_id = '242' AND seller_templates = 'store_tpl_1' AND type='head' AND the' at line 1
SELECT id  FROMshop_templates_left WHERE ru_id = '242' AND seller_templates = 'store_tpl_1' AND type='head' AND theme = ''
[2018-01-12 19:41:20] /kaice/shop/index.php?con=visual_editing&fun=generate ( con=visual_editing&fun=generate ) 
ERR: Db Error: You have an error in your SQL syntax; check the manual that corresponds to your MySQL server version for the right syntax to use near 'WHERE ru_id = '242' AND seller_templates = 'store_tpl_1' AND type='head' AND the' at line 1
SELECT id  FROMshop_templates_left WHERE ru_id = '242' AND seller_templates = 'store_tpl_1' AND type='head' AND theme = ''
[2018-01-12 19:41:23] /kaice/shop/index.php?con=visual_editing&fun=generate ( con=visual_editing&fun=generate ) 
ERR: Db Error: You have an error in your SQL syntax; check the manual that corresponds to your MySQL server version for the right syntax to use near 'WHERE ru_id = '242' AND seller_templates = 'store_tpl_1' AND type='head' AND the' at line 1
SELECT id  FROMshop_templates_left WHERE ru_id = '242' AND seller_templates = 'store_tpl_1' AND type='head' AND theme = ''
[2018-01-12 19:41:24] /kaice/shop/index.php?con=visual_editing&fun=generate ( con=visual_editing&fun=generate ) 
ERR: Db Error: You have an error in your SQL syntax; check the manual that corresponds to your MySQL server version for the right syntax to use near 'WHERE ru_id = '242' AND seller_templates = 'store_tpl_1' AND type='head' AND the' at line 1
SELECT id  FROMshop_templates_left WHERE ru_id = '242' AND seller_templates = 'store_tpl_1' AND type='head' AND theme = ''
[2018-01-12 19:41:26] /kaice/shop/index.php?con=visual_editing&fun=generate ( con=visual_editing&fun=generate ) 
ERR: Db Error: You have an error in your SQL syntax; check the manual that corresponds to your MySQL server version for the right syntax to use near 'WHERE ru_id = '242' AND seller_templates = 'store_tpl_1' AND type='head' AND the' at line 1
SELECT id  FROMshop_templates_left WHERE ru_id = '242' AND seller_templates = 'store_tpl_1' AND type='head' AND theme = ''
[2018-01-12 19:41:32] /kaice/shop/index.php?con=visual_editing&fun=header_bg&act=header_bg&type=headerbg&name=hdfile&suffix=store_tpl_1&topic_type= ( con=visual_editing&fun=header_bg ) 
ERR: Db Error: You have an error in your SQL syntax; check the manual that corresponds to your MySQL server version for the right syntax to use near 'WHERE ru_id = '242' AND seller_templates = 'store_tpl_1' AND type = 'head' AND t' at line 1
SELECT id ,img_file FROMshop_templates_left WHERE ru_id = '242' AND seller_templates = 'store_tpl_1' AND type = 'head' AND theme = ''
[2018-01-12 19:41:32] /kaice/shop/index.php?con=visual_editing&fun=header_bg&act=header_bg&type=headerbg&name=hdfile&suffix=store_tpl_1&topic_type= ( con=visual_editing&fun=header_bg ) 
ERR: Db Error: Table 'xinshop1.intoshop_templates_left' doesn't exist
INSERT INTOshop_templates_left (`ru_id`,`seller_templates`,`img_file`,`type`) VALUES ('242','store_tpl_1','../data/seller_templates/seller_tem_242/store_tpl_1/images/head/hdfile_1515728492.jpg','head')
[2018-01-12 19:42:03] /kaice/shop/index.php?con=visual_editing&fun=generate ( con=visual_editing&fun=generate ) 
ERR: Db Error: You have an error in your SQL syntax; check the manual that corresponds to your MySQL server version for the right syntax to use near 'WHERE ru_id = '242' AND seller_templates = 'store_tpl_1' AND type='head' AND the' at line 1
SELECT id  FROMshop_templates_left WHERE ru_id = '242' AND seller_templates = 'store_tpl_1' AND type='head' AND theme = ''
[2018-01-12 19:42:06] /kaice/shop/index.php?con=visual_editing&fun=generate ( con=visual_editing&fun=generate ) 
ERR: Db Error: You have an error in your SQL syntax; check the manual that corresponds to your MySQL server version for the right syntax to use near 'WHERE ru_id = '242' AND seller_templates = 'store_tpl_1' AND type='head' AND the' at line 1
SELECT id  FROMshop_templates_left WHERE ru_id = '242' AND seller_templates = 'store_tpl_1' AND type='head' AND theme = ''
[2018-01-12 19:42:08] /kaice/shop/index.php?con=visual_editing&fun=generate ( con=visual_editing&fun=generate ) 
ERR: Db Error: You have an error in your SQL syntax; check the manual that corresponds to your MySQL server version for the right syntax to use near 'WHERE ru_id = '242' AND seller_templates = 'store_tpl_1' AND type='head' AND the' at line 1
SELECT id  FROMshop_templates_left WHERE ru_id = '242' AND seller_templates = 'store_tpl_1' AND type='head' AND theme = ''
[2018-01-12 19:42:09] /kaice/shop/index.php?con=visual_editing&fun=generate ( con=visual_editing&fun=generate ) 
ERR: Db Error: You have an error in your SQL syntax; check the manual that corresponds to your MySQL server version for the right syntax to use near 'WHERE ru_id = '242' AND seller_templates = 'store_tpl_1' AND type='head' AND the' at line 1
SELECT id  FROMshop_templates_left WHERE ru_id = '242' AND seller_templates = 'store_tpl_1' AND type='head' AND theme = ''
[2018-01-12 19:42:13] /kaice/shop/index.php?con=visual_editing&fun=generate ( con=visual_editing&fun=generate ) 
ERR: Db Error: You have an error in your SQL syntax; check the manual that corresponds to your MySQL server version for the right syntax to use near 'WHERE ru_id = '242' AND seller_templates = 'store_tpl_1' AND type='head' AND the' at line 1
SELECT id  FROMshop_templates_left WHERE ru_id = '242' AND seller_templates = 'store_tpl_1' AND type='head' AND theme = ''
[2018-01-12 19:42:14] /kaice/shop/index.php?con=visual_editing&fun=generate ( con=visual_editing&fun=generate ) 
ERR: Db Error: You have an error in your SQL syntax; check the manual that corresponds to your MySQL server version for the right syntax to use near 'WHERE ru_id = '242' AND seller_templates = 'store_tpl_1' AND type='head' AND the' at line 1
SELECT id  FROMshop_templates_left WHERE ru_id = '242' AND seller_templates = 'store_tpl_1' AND type='head' AND theme = ''
[2018-01-12 19:55:41] /kaice/shop/index.php?con=visual_editing&fun=header_bg&act=header_bg&type=headerbg&name=hdfile&suffix=store_tpl_1&topic_type= ( con=visual_editing&fun=header_bg ) 
ERR: Db Error: You have an error in your SQL syntax; check the manual that corresponds to your MySQL server version for the right syntax to use near 'WHERE ru_id = '242' AND seller_templates = 'store_tpl_1' AND type = 'head' AND t' at line 1
SELECT id ,img_file FROMshop_templates_left WHERE ru_id = '242' AND seller_templates = 'store_tpl_1' AND type = 'head' AND theme = ''
[2018-01-12 19:55:41] /kaice/shop/index.php?con=visual_editing&fun=header_bg&act=header_bg&type=headerbg&name=hdfile&suffix=store_tpl_1&topic_type= ( con=visual_editing&fun=header_bg ) 
ERR: Db Error: Table 'xinshop1.intoshop_templates_left' doesn't exist
INSERT INTOshop_templates_left (`ru_id`,`seller_templates`,`img_file`,`type`) VALUES ('242','store_tpl_1','../data/seller_templates/seller_tem_242/store_tpl_1/images/head/hdfile_1515729341.jpg','head')
[2018-01-12 19:56:24] /kaice/shop/index.php?con=visual_editing&fun=header_bg&act=header_bg&type=headerbg&name=hdfile&suffix=store_tpl_1&topic_type= ( con=visual_editing&fun=header_bg ) 
ERR: Db Error: You have an error in your SQL syntax; check the manual that corresponds to your MySQL server version for the right syntax to use near 'WHERE ru_id = '242' AND seller_templates = 'store_tpl_1' AND type = 'head' AND t' at line 1
SELECT id ,img_file FROMshop_templates_left WHERE ru_id = '242' AND seller_templates = 'store_tpl_1' AND type = 'head' AND theme = ''
[2018-01-12 19:56:54] /kaice/shop/index.php?con=visual_editing&fun=header_bg&act=header_bg&type=headerbg&name=hdfile&suffix=store_tpl_1&topic_type= ( con=visual_editing&fun=header_bg ) 
ERR: Db Error: You have an error in your SQL syntax; check the manual that corresponds to your MySQL server version for the right syntax to use near 'WHERE ru_id = '242' AND seller_templates = 'store_tpl_1' AND type = 'head' AND t' at line 1
SELECT id ,img_file FROMshop_templates_left WHERE ru_id = '242' AND seller_templates = 'store_tpl_1' AND type = 'head' AND theme = ''
[2018-01-12 19:57:05] /kaice/shop/index.php?con=visual_editing&fun=generate ( con=visual_editing&fun=generate ) 
ERR: Db Error: You have an error in your SQL syntax; check the manual that corresponds to your MySQL server version for the right syntax to use near 'WHERE ru_id = '242' AND seller_templates = 'store_tpl_1' AND type='head' AND the' at line 1
SELECT id  FROMshop_templates_left WHERE ru_id = '242' AND seller_templates = 'store_tpl_1' AND type='head' AND theme = ''
[2018-01-12 19:57:07] /kaice/shop/index.php?con=visual_editing&fun=generate ( con=visual_editing&fun=generate ) 
ERR: Db Error: You have an error in your SQL syntax; check the manual that corresponds to your MySQL server version for the right syntax to use near 'WHERE ru_id = '242' AND seller_templates = 'store_tpl_1' AND type='head' AND the' at line 1
SELECT id  FROMshop_templates_left WHERE ru_id = '242' AND seller_templates = 'store_tpl_1' AND type='head' AND theme = ''
[2018-01-12 19:57:08] /kaice/shop/index.php?con=visual_editing&fun=generate ( con=visual_editing&fun=generate ) 
ERR: Db Error: You have an error in your SQL syntax; check the manual that corresponds to your MySQL server version for the right syntax to use near 'WHERE ru_id = '242' AND seller_templates = 'store_tpl_1' AND type='head' AND the' at line 1
SELECT id  FROMshop_templates_left WHERE ru_id = '242' AND seller_templates = 'store_tpl_1' AND type='head' AND theme = ''
[2018-01-12 19:57:11] /kaice/shop/index.php?con=visual_editing&fun=generate ( con=visual_editing&fun=generate ) 
ERR: Db Error: You have an error in your SQL syntax; check the manual that corresponds to your MySQL server version for the right syntax to use near 'WHERE ru_id = '242' AND seller_templates = 'store_tpl_1' AND type='head' AND the' at line 1
SELECT id  FROMshop_templates_left WHERE ru_id = '242' AND seller_templates = 'store_tpl_1' AND type='head' AND theme = ''
[2018-01-12 19:57:14] /kaice/shop/index.php?con=visual_editing&fun=generate ( con=visual_editing&fun=generate ) 
ERR: Db Error: You have an error in your SQL syntax; check the manual that corresponds to your MySQL server version for the right syntax to use near 'WHERE ru_id = '242' AND seller_templates = 'store_tpl_1' AND type='head' AND the' at line 1
SELECT id  FROMshop_templates_left WHERE ru_id = '242' AND seller_templates = 'store_tpl_1' AND type='head' AND theme = ''
[2018-01-12 20:05:24] /kaice/shop/index.php?con=visual_editing&fun=header_bg&act=header_bg&type=headerbg&name=hdfile&suffix=store_tpl_1&topic_type= ( con=visual_editing&fun=header_bg ) 
ERR: Db Error: You have an error in your SQL syntax; check the manual that corresponds to your MySQL server version for the right syntax to use near 'WHERE ru_id = '242' AND seller_templates = 'store_tpl_1' AND type = 'head' AND t' at line 1
SELECT id ,img_file FROMshop_templates_left WHERE ru_id = '242' AND seller_templates = 'store_tpl_1' AND type = 'head' AND theme = ''
[2018-01-12 20:08:14] /kaice/shop/index.php?con=visual_editing&fun=header_bg&act=header_bg&type=contentbg&name=confile&suffix=store_tpl_1&topic_type= ( con=visual_editing&fun=header_bg ) 
ERR: Db Error: You have an error in your SQL syntax; check the manual that corresponds to your MySQL server version for the right syntax to use near 'WHERE ru_id = '242' AND seller_templates = 'store_tpl_1' AND type = 'content' AN' at line 1
SELECT id ,img_file FROMshop_templates_left WHERE ru_id = '242' AND seller_templates = 'store_tpl_1' AND type = 'content' AND theme = ''
[2018-01-12 20:12:09] /kaice/shop/index.php?con=visual_editing&fun=header_bg&act=header_bg&type=contentbg&name=confile&suffix=store_tpl_1&topic_type= ( con=visual_editing&fun=header_bg ) 
ERR: Db Error: You have an error in your SQL syntax; check the manual that corresponds to your MySQL server version for the right syntax to use near 'WHERE ru_id = '242' AND seller_templates = 'store_tpl_1' AND type = 'content' AN' at line 1
SELECT id ,img_file FROMshop_templates_left WHERE ru_id = '242' AND seller_templates = 'store_tpl_1' AND type = 'content' AND theme = ''
[2018-01-12 20:14:36] /kaice/shop/index.php?con=visual_editing&fun=header_bg&act=header_bg&type=contentbg&name=confile&suffix=store_tpl_1&topic_type= ( con=visual_editing&fun=header_bg ) 
ERR: Db Error: You have an error in your SQL syntax; check the manual that corresponds to your MySQL server version for the right syntax to use near 'WHERE ru_id = '242' AND seller_templates = 'store_tpl_1' AND type = 'content' AN' at line 1
SELECT id ,img_file FROMshop_templates_left WHERE ru_id = '242' AND seller_templates = 'store_tpl_1' AND type = 'content' AND theme = ''
[2018-01-12 20:15:40] /kaice/shop/index.php?con=visual_editing&fun=header_bg&act=header_bg&type=contentbg&name=confile&suffix=store_tpl_1&topic_type= ( con=visual_editing&fun=header_bg ) 
ERR: Db Error: You have an error in your SQL syntax; check the manual that corresponds to your MySQL server version for the right syntax to use near 'WHERE ru_id = '242' AND seller_templates = 'store_tpl_1' AND type = 'content' AN' at line 1
SELECT id ,img_file FROMshop_templates_left WHERE ru_id = '242' AND seller_templates = 'store_tpl_1' AND type = 'content' AND theme = ''
