[2018-01-11 01:38:57] /kaice/shop/index.php?con=visual_editing&fun=homeFloor ( con=visual_editing&fun=homefloor ) 
ERR: Db Error: Table 'xinshop1.shop_merchants_shop_information' doesn't exist
SELECT user_shopMain_category FROM shop_merchants_shop_information WHERE user_id = '242'
[2018-01-11 01:38:57] /kaice/shop/index.php?con=visual_editing&fun=homeFloor ( con=visual_editing&fun=homefloor ) 
ERR: Db Error: Table 'xinshop1.shop_category' doesn't exist
SELECT cat_id , cat_name, cat_alias_name, cat_icon, style_icon FROM shop_category WHERE parent_id = '0'  AND is_show = 1 ORDER BY sort_order ASC, cat_id ASC
[2018-01-11 01:43:41] /kaice/shop/index.php?con=visual_editing&fun=homeFloor ( con=visual_editing&fun=homefloor ) 
ERR: Db Error: Table 'xinshop1.shop_merchants_shop_information' doesn't exist
SELECT user_shopMain_category FROM shop_merchants_shop_information WHERE user_id = '242'
[2018-01-11 01:43:41] /kaice/shop/index.php?con=visual_editing&fun=homeFloor ( con=visual_editing&fun=homefloor ) 
ERR: Db Error: Table 'xinshop1.shop_category' doesn't exist
SELECT cat_id , cat_name, cat_alias_name, cat_icon, style_icon FROM shop_category WHERE parent_id = '0'  AND is_show = 1 ORDER BY sort_order ASC, cat_id ASC
[2018-01-11 01:55:28] /kaice/shop/index.php?con=visual_editing&fun=homeFloor ( con=visual_editing&fun=homefloor ) 
ERR: Db Error: Table 'xinshop1.shop_merchants_shop_information' doesn't exist
SELECT user_shopMain_category FROM shop_merchants_shop_information WHERE user_id = '242'
[2018-01-11 01:55:28] /kaice/shop/index.php?con=visual_editing&fun=homeFloor ( con=visual_editing&fun=homefloor ) 
ERR: Db Error: Table 'xinshop1.shop_category' doesn't exist
SELECT cat_id , cat_name, cat_alias_name, cat_icon, style_icon FROM shop_category WHERE parent_id = '0'  AND is_show = 1 ORDER BY sort_order ASC, cat_id ASC
[2018-01-11 01:59:07] /kaice/shop/index.php?con=visual_editing&fun=homeFloor ( con=visual_editing&fun=homefloor ) 
ERR: Db Error: Table 'xinshop1.shop_merchants_shop_information' doesn't exist
SELECT user_shopMain_category FROM shop_merchants_shop_information WHERE user_id = '242'
[2018-01-11 01:59:07] /kaice/shop/index.php?con=visual_editing&fun=homeFloor ( con=visual_editing&fun=homefloor ) 
ERR: Db Error: Table 'xinshop1.shop_category' doesn't exist
SELECT cat_id , cat_name, cat_alias_name, cat_icon, style_icon FROM shop_category WHERE parent_id = '0'  AND is_show = 1 ORDER BY sort_order ASC, cat_id ASC
[2018-01-11 02:04:02] /kaice/shop/index.php?con=visual_editing&fun=homeFloor ( con=visual_editing&fun=homefloor ) 
ERR: Db Error: Table 'xinshop1.shop_merchants_shop_information' doesn't exist
SELECT user_shopMain_category FROM shop_merchants_shop_information WHERE user_id = '242'
[2018-01-11 02:04:02] /kaice/shop/index.php?con=visual_editing&fun=homeFloor ( con=visual_editing&fun=homefloor ) 
ERR: Db Error: Table 'xinshop1.shop_category' doesn't exist
SELECT cat_id , cat_name, cat_alias_name, cat_icon, style_icon FROM shop_category WHERE parent_id = '0'  AND is_show = 1 ORDER BY sort_order ASC, cat_id ASC
[2018-01-11 02:19:38] /kaice/shop/index.php?con=visual_editing&fun=getChildCat ( con=visual_editing&fun=getchildcat ) 
ERR: Db Error: Unknown column 'cat_id' in 'where clause'
SELECT * FROM `shop_store_goods_class` store_goods_class WHERE ( store_id = '242' ) AND ( stc_state = '1' ) AND ( cat_id = '533' ) ORDER BY stc_parent_id asc,stc_sort asc,stc_id asc LIMIT 1000  
[2018-01-11 02:21:49] /kaice/shop/index.php?con=visual_editing&fun=getChildCat ( con=visual_editing&fun=getchildcat ) 
ERR: Db Error: Unknown column 'cat_id' in 'where clause'
SELECT * FROM `shop_store_goods_class` store_goods_class WHERE ( store_id = '242' ) AND ( stc_state = '1' ) AND ( cat_id = '533' ) ORDER BY stc_parent_id asc,stc_sort asc,stc_id asc LIMIT 1000  
[2018-01-11 02:59:21] /kaice/shop/index.php?con=visual_editing&fun=getChildCat ( con=visual_editing&fun=getchildcat ) 
ERR: Db Error: Table 'xinshop1.shop_category' doesn't exist
SELECT stc_id , stc_name, stc_state, stc_parent_id, store_id, stc_sort FROM shop_category WHERE stc_id = '533'  AND stc_state = 1 ORDER BY stc_sort ASC, stc_id ASC
[2018-01-11 23:48:02] /kaice/shop/index.php?con=visual_editing&fun=homeFloor1&act=homeFloor ( con=visual_editing&fun=homefloor1 ) 
ERR: Db Error: Unknown column 'cat_id' in 'field list'
SELECT cat_id,cat_name,cat_alias_name,style_icon FROM shop_store_goods_class WHERE stc_parent_id = '533' LIMIT 1
[2018-01-11 23:50:09] /kaice/shop/index.php?con=visual_editing&fun=homeFloor ( con=visual_editing&fun=homefloor ) 
ERR: Db Error: Unknown column 'parent_id' in 'field list'
SELECT parent_id FROM shop_store_goods_class WHERE stc_parent_id = '533' LIMIT 1
[2018-01-11 23:50:13] /kaice/shop/index.php?con=visual_editing&fun=homeFloor1&act=homeFloor ( con=visual_editing&fun=homefloor1 ) 
ERR: Db Error: Unknown column 'cat_id' in 'field list'
SELECT cat_id,cat_name,cat_alias_name,style_icon FROM shop_store_goods_class WHERE stc_parent_id = '533' LIMIT 1
[2018-01-11 23:52:14] /kaice/shop/index.php?con=visual_editing&fun=homeFloor ( con=visual_editing&fun=homefloor ) 
ERR: Db Error: Unknown column 'parent_id' in 'field list'
SELECT parent_id FROM shop_store_goods_class WHERE stc_parent_id = '533' LIMIT 1
