[2018-01-09 16:02:36] /kaice/shop/index.php?con=visual_editing&fun=goods_info ( con=visual_editing&fun=goods_info ) 
ERR: Db Error: Table 'xinshop1.shop_merchants_shop_information' doesn't exist
SELECT user_shopMain_category FROM shop_merchants_shop_information WHERE user_id = '242'
[2018-01-09 16:51:08] /kaice/shop/index.php?con=visual_editing&fun=goods_info ( con=visual_editing&fun=goods_info ) 
ERR: Db Error: Table 'xinshop1.shop_merchants_shop_information' doesn't exist
SELECT user_shopMain_category FROM shop_merchants_shop_information WHERE user_id = '242'
[2018-01-09 23:29:03] /kaice/shop/index.php?con=visual_editing&fun=changedgoods&is_ajax=1 ( con=visual_editing&fun=changedgoods ) 
ERR: Db Error: Unknown column 'g.is_delete' in 'where clause'
SELECT COUNT(*) FROM shop_goods AS g WHERE g.is_delete=0 AND g.user_id = '' AND g.is_on_sale = 1 
[2018-01-09 23:29:03] /kaice/shop/index.php?con=visual_editing&fun=changedgoods&is_ajax=1 ( con=visual_editing&fun=changedgoods ) 
ERR: Db Error: Unknown column 'g.is_delete' in 'where clause'
SELECT g.goods_promotion_price, g.goods_name, g.goods_id, g.goods_price, g.goods_marketprice, g.goods_image  FROM shop_goods AS g WHERE g.is_delete=0 AND g.user_id = '' AND g.is_on_sale = 1  ORDER BY g.sort_order, g.goods_id DESC LIMIT 0,15
[2018-01-09 23:39:46] /kaice/shop/index.php?con=visual_editing&fun=changedgoods&is_ajax=1 ( con=visual_editing&fun=changedgoods ) 
ERR: Db Error: Unknown column 'g.is_delete' in 'where clause'
SELECT COUNT(*) FROM shop_goods AS g WHERE g.is_delete=0 AND g.user_id = '' AND g.is_on_sale = 1 
[2018-01-09 23:39:46] /kaice/shop/index.php?con=visual_editing&fun=changedgoods&is_ajax=1 ( con=visual_editing&fun=changedgoods ) 
ERR: Db Error: Unknown column 'g.is_delete' in 'where clause'
SELECT g.goods_promotion_price, g.goods_name, g.goods_id, g.goods_price, g.goods_marketprice, g.goods_image  FROM shop_goods AS g WHERE g.is_delete=0 AND g.user_id = '' AND g.is_on_sale = 1  ORDER BY g.sort_order, g.goods_id DESC LIMIT 0,15
[2018-01-09 23:40:31] /kaice/shop/index.php?con=visual_editing&fun=changedgoods&is_ajax=1 ( con=visual_editing&fun=changedgoods ) 
ERR: Db Error: Unknown column 'g.is_delete' in 'where clause'
SELECT COUNT(*) FROM shop_goods AS g WHERE g.is_delete=0 AND g.user_id = '' AND g.is_on_sale = 1 
[2018-01-09 23:40:31] /kaice/shop/index.php?con=visual_editing&fun=changedgoods&is_ajax=1 ( con=visual_editing&fun=changedgoods ) 
ERR: Db Error: Unknown column 'g.is_delete' in 'where clause'
SELECT g.goods_promotion_price, g.goods_name, g.goods_id, g.goods_price, g.goods_marketprice, g.goods_image  FROM shop_goods AS g WHERE g.is_delete=0 AND g.user_id = '' AND g.is_on_sale = 1  ORDER BY g.sort_order, g.goods_id DESC LIMIT 0,15
[2018-01-09 23:40:39] /kaice/shop/index.php?con=visual_editing&fun=changedgoods&is_ajax=1 ( con=visual_editing&fun=changedgoods ) 
ERR: Db Error: Unknown column 'g.is_delete' in 'where clause'
SELECT g.goods_promotion_price, g.goods_name, g.goods_id, g.goods_price, g.goods_marketprice, g.goods_image  FROM shop_goods AS g WHERE g.is_delete=0 AND g.user_id = '' AND g.is_on_sale = 1  AND g.goods_id IN ('13','14')  ORDER BY g.sort_order, g.goods_id DESC
[2018-01-09 23:40:45] /kaice/shop/index.php?con=visual_editing&fun=changedgoods&is_ajax=1 ( con=visual_editing&fun=changedgoods ) 
ERR: Db Error: Unknown column 'g.is_delete' in 'where clause'
SELECT COUNT(*) FROM shop_goods AS g WHERE g.is_delete=0 AND g.user_id = '' AND g.is_on_sale = 1 
[2018-01-09 23:40:45] /kaice/shop/index.php?con=visual_editing&fun=changedgoods&is_ajax=1 ( con=visual_editing&fun=changedgoods ) 
ERR: Db Error: Unknown column 'g.is_delete' in 'where clause'
SELECT g.goods_promotion_price, g.goods_name, g.goods_id, g.goods_price, g.goods_marketprice, g.goods_image  FROM shop_goods AS g WHERE g.is_delete=0 AND g.user_id = '' AND g.is_on_sale = 1  ORDER BY g.sort_order, g.goods_id DESC LIMIT 0,15
[2018-01-09 23:42:10] /kaice/shop/index.php?con=visual_editing&fun=changedgoods&is_ajax=1 ( con=visual_editing&fun=changedgoods ) 
ERR: Db Error: Unknown column 'g.is_delete' in 'where clause'
SELECT g.goods_promotion_price, g.goods_name, g.goods_id, g.goods_price, g.goods_marketprice, g.goods_image  FROM shop_goods AS g WHERE g.is_delete=0 AND g.user_id = '' AND g.is_on_sale = 1  AND g.goods_id IN ('13','14')  ORDER BY g.sort_order, g.goods_id DESC
[2018-01-09 23:42:19] /kaice/shop/index.php?con=visual_editing&fun=changedgoods&is_ajax=1 ( con=visual_editing&fun=changedgoods ) 
ERR: Db Error: Unknown column 'g.is_delete' in 'where clause'
SELECT COUNT(*) FROM shop_goods AS g WHERE g.is_delete=0 AND g.user_id = '' AND g.is_on_sale = 1 
[2018-01-09 23:42:19] /kaice/shop/index.php?con=visual_editing&fun=changedgoods&is_ajax=1 ( con=visual_editing&fun=changedgoods ) 
ERR: Db Error: Unknown column 'g.is_delete' in 'where clause'
SELECT g.goods_promotion_price, g.goods_name, g.goods_id, g.goods_price, g.goods_marketprice, g.goods_image  FROM shop_goods AS g WHERE g.is_delete=0 AND g.user_id = '' AND g.is_on_sale = 1  ORDER BY g.sort_order, g.goods_id DESC LIMIT 0,15
[2018-01-09 23:43:08] /kaice/shop/index.php?con=visual_editing&fun=changedgoods&is_ajax=1 ( con=visual_editing&fun=changedgoods ) 
ERR: Db Error: Unknown column 'g.is_delete' in 'where clause'
SELECT g.goods_promotion_price, g.goods_name, g.goods_id, g.goods_price, g.goods_marketprice, g.goods_image  FROM shop_goods AS g WHERE g.is_delete=0 AND g.user_id = '' AND g.is_on_sale = 1  AND g.goods_id IN ('13','14')  ORDER BY g.sort_order, g.goods_id DESC
[2018-01-09 23:43:12] /kaice/shop/index.php?con=visual_editing&fun=changedgoods&is_ajax=1 ( con=visual_editing&fun=changedgoods ) 
ERR: Db Error: Unknown column 'g.is_delete' in 'where clause'
SELECT COUNT(*) FROM shop_goods AS g WHERE g.is_delete=0 AND g.user_id = '' AND g.is_on_sale = 1 
[2018-01-09 23:43:12] /kaice/shop/index.php?con=visual_editing&fun=changedgoods&is_ajax=1 ( con=visual_editing&fun=changedgoods ) 
ERR: Db Error: Unknown column 'g.is_delete' in 'where clause'
SELECT g.goods_promotion_price, g.goods_name, g.goods_id, g.goods_price, g.goods_marketprice, g.goods_image  FROM shop_goods AS g WHERE g.is_delete=0 AND g.user_id = '' AND g.is_on_sale = 1  ORDER BY g.sort_order, g.goods_id DESC LIMIT 0,15
[2018-01-09 23:45:23] /kaice/shop/index.php?con=visual_editing&fun=changedgoods&is_ajax=1 ( con=visual_editing&fun=changedgoods ) 
ERR: Db Error: Unknown column 'g.sort_order' in 'order clause'
SELECT g.goods_promotion_price, g.goods_name, g.goods_id, g.goods_price, g.goods_marketprice, g.goods_image  FROM shop_goods AS g WHERE g.goods_state=1 AND g.store_id = '' AND g.goods_verify = 1  AND g.goods_id IN ('13','14')  ORDER BY g.sort_order, g.goods_id DESC
[2018-01-09 23:45:25] /kaice/shop/index.php?con=visual_editing&fun=changedgoods&is_ajax=1 ( con=visual_editing&fun=changedgoods ) 
ERR: Db Error: Unknown column 'g.sort_order' in 'order clause'
SELECT g.goods_promotion_price, g.goods_name, g.goods_id, g.goods_price, g.goods_marketprice, g.goods_image  FROM shop_goods AS g WHERE g.goods_state=1 AND g.store_id = '' AND g.goods_verify = 1  ORDER BY g.sort_order, g.goods_id DESC LIMIT 0,15
[2018-01-09 23:46:06] /kaice/shop/index.php?con=visual_editing&fun=changedgoods&is_ajax=1 ( con=visual_editing&fun=changedgoods ) 
ERR: Db Error: Unknown column 'g.sort_order' in 'order clause'
SELECT g.goods_promotion_price, g.goods_name, g.goods_id, g.goods_price, g.goods_marketprice, g.goods_image  FROM shop_goods AS g WHERE g.goods_state=1 AND g.store_id = '242' AND g.goods_verify = 1  AND g.goods_id IN ('13','14')  ORDER BY g.sort_order, g.goods_id DESC
[2018-01-09 23:46:09] /kaice/shop/index.php?con=visual_editing&fun=changedgoods&is_ajax=1 ( con=visual_editing&fun=changedgoods ) 
ERR: Db Error: Unknown column 'g.sort_order' in 'order clause'
SELECT g.goods_promotion_price, g.goods_name, g.goods_id, g.goods_price, g.goods_marketprice, g.goods_image  FROM shop_goods AS g WHERE g.goods_state=1 AND g.store_id = '242' AND g.goods_verify = 1  ORDER BY g.sort_order, g.goods_id DESC LIMIT 0,15
[2018-01-09 23:46:36] /kaice/shop/index.php?con=visual_editing&fun=changedgoods&is_ajax=1 ( con=visual_editing&fun=changedgoods ) 
ERR: Db Error: Unknown column 'g.sort_order' in 'order clause'
SELECT g.goods_promotion_price, g.goods_name, g.goods_id, g.goods_price, g.goods_marketprice, g.goods_image  FROM shop_goods AS g WHERE g.goods_state=1 AND g.store_id = '242' AND g.goods_verify = 1  AND g.goods_id IN ('13','14')  ORDER BY g.sort_order, g.goods_id DESC
[2018-01-09 23:46:38] /kaice/shop/index.php?con=visual_editing&fun=changedgoods&is_ajax=1 ( con=visual_editing&fun=changedgoods ) 
ERR: Db Error: Unknown column 'g.sort_order' in 'order clause'
SELECT g.goods_promotion_price, g.goods_name, g.goods_id, g.goods_price, g.goods_marketprice, g.goods_image  FROM shop_goods AS g WHERE g.goods_state=1 AND g.store_id = '242' AND g.goods_verify = 1  ORDER BY g.sort_order, g.goods_id DESC LIMIT 0,15
[2018-01-09 23:47:04] /kaice/shop/index.php?con=visual_editing&fun=changedgoods&is_ajax=1 ( con=visual_editing&fun=changedgoods ) 
ERR: Db Error: Unknown column 'g.sort_order' in 'order clause'
SELECT g.goods_promotion_price, g.goods_name, g.goods_id, g.goods_price, g.goods_marketprice, g.goods_image  FROM shop_goods AS g WHERE g.goods_state=1 AND g.store_id = '242' AND g.goods_verify = 1  AND g.goods_id IN ('13','14')  ORDER BY g.sort_order, g.goods_id DESC
[2018-01-09 23:47:06] /kaice/shop/index.php?con=visual_editing&fun=changedgoods&is_ajax=1 ( con=visual_editing&fun=changedgoods ) 
ERR: Db Error: Unknown column 'g.sort_order' in 'order clause'
SELECT g.goods_promotion_price, g.goods_name, g.goods_id, g.goods_price, g.goods_marketprice, g.goods_image  FROM shop_goods AS g WHERE g.goods_state=1 AND g.store_id = '242' AND g.goods_verify = 1  ORDER BY g.sort_order, g.goods_id DESC LIMIT 0,15
[2018-01-09 23:47:44] /kaice/shop/index.php?con=visual_editing&fun=changedgoods&is_ajax=1 ( con=visual_editing&fun=changedgoods ) 
ERR: Db Error: Unknown column 'g.sort_order' in 'order clause'
SELECT g.goods_promotion_price, g.goods_name, g.goods_id, g.goods_price, g.goods_marketprice, g.goods_image  FROM shop_goods AS g WHERE g.goods_state=1 AND g.store_id = '242' AND g.goods_verify = 1  AND g.goods_id IN ('13','14')  ORDER BY g.sort_order, g.goods_id DESC
[2018-01-09 23:47:46] /kaice/shop/index.php?con=visual_editing&fun=changedgoods&is_ajax=1 ( con=visual_editing&fun=changedgoods ) 
ERR: Db Error: Unknown column 'g.sort_order' in 'order clause'
SELECT g.goods_promotion_price, g.goods_name, g.goods_id, g.goods_price, g.goods_marketprice, g.goods_image  FROM shop_goods AS g WHERE g.goods_state=1 AND g.store_id = '242' AND g.goods_verify = 1  ORDER BY g.sort_order, g.goods_id DESC LIMIT 0,15
[2018-01-09 23:48:02] /kaice/shop/index.php?con=visual_editing&fun=changedgoods&is_ajax=1 ( con=visual_editing&fun=changedgoods ) 
ERR: Db Error: Unknown column 'g.sort_order' in 'order clause'
SELECT g.goods_promotion_price, g.goods_name, g.goods_id, g.goods_price, g.goods_marketprice, g.goods_image  FROM shop_goods AS g WHERE g.goods_state=1 AND g.store_id = '242' AND g.goods_verify = 1  AND g.goods_id IN ('13','14')  ORDER BY g.sort_order, g.goods_id DESC
[2018-01-09 23:48:04] /kaice/shop/index.php?con=visual_editing&fun=changedgoods&is_ajax=1 ( con=visual_editing&fun=changedgoods ) 
ERR: Db Error: Unknown column 'g.sort_order' in 'order clause'
SELECT g.goods_promotion_price, g.goods_name, g.goods_id, g.goods_price, g.goods_marketprice, g.goods_image  FROM shop_goods AS g WHERE g.goods_state=1 AND g.store_id = '242' AND g.goods_verify = 1  ORDER BY g.sort_order, g.goods_id DESC LIMIT 0,15
[2018-01-09 23:48:57] /kaice/shop/index.php?con=visual_editing&fun=changedgoods&is_ajax=1 ( con=visual_editing&fun=changedgoods ) 
ERR: Db Error: Unknown column 'g.sort_order' in 'order clause'
SELECT g.goods_promotion_price, g.goods_name, g.goods_id, g.goods_price, g.goods_marketprice, g.goods_image  FROM shop_goods AS g WHERE g.goods_state=1 AND g.store_id = '242' AND g.goods_verify = 1  AND g.goods_id IN ('13','14')  ORDER BY g.sort_order, g.goods_id DESC
[2018-01-09 23:48:58] /kaice/shop/index.php?con=visual_editing&fun=changedgoods&is_ajax=1 ( con=visual_editing&fun=changedgoods ) 
ERR: Db Error: Unknown column 'g.sort_order' in 'order clause'
SELECT g.goods_promotion_price, g.goods_name, g.goods_id, g.goods_price, g.goods_marketprice, g.goods_image  FROM shop_goods AS g WHERE g.goods_state=1 AND g.store_id = '242' AND g.goods_verify = 1  ORDER BY g.sort_order, g.goods_id DESC LIMIT 0,15
