2016-05-04 19:00:45 Workerman[start.php] start in DAEMON mode
2016-05-20 01:32:34 Workerman[start.php] start in DAEMON mode
2016-07-30 12:10:10 Workerman[start.php] start in DAEMON mode
2016-08-02 11:10:12 Workerman[start.php] -d 
2016-08-02 11:10:36 Workerman[start.php] start in DEBUG mode
2016-08-02 11:10:36 Workerman[start.php] already running
2016-09-22 02:44:31 Workerman[start.php] start in DEBUG mode
2016-09-22 02:44:31 Workerman[start.php] already running
2016-09-22 02:45:07 Workerman[start.php] restart 
2016-09-22 02:45:07 Workerman[start.php] is stoping ...
2016-09-22 02:45:07 Workerman[start.php] Stopping ...
2016-09-22 02:45:07 Workerman[start.php] has been stopped
2016-09-22 02:45:07 Workerman[start.php] stop success
2016-09-22 21:46:00 Workerman[start.php] start in DAEMON mode
2016-09-26 15:38:56 Workerman[start.php] start in DAEMON mode
2016-09-28 14:55:52 Workerman[start.php] restart 
2016-09-28 14:55:52 Workerman[start.php] is stoping ...
2016-09-28 14:55:52 Workerman[start.php] Stopping ...
2016-09-28 14:55:52 Workerman[start.php] has been stopped
2016-09-28 14:55:52 Workerman[start.php] stop success
2016-10-24 10:49:33 Workerman[start.php] start in DAEMON mode
2016-11-13 12:48:13 Workerman[start.php] restart 
2016-11-13 12:48:13 Workerman[start.php] is stoping ...
2016-11-13 12:48:13 Workerman[start.php] Stopping ...
2016-11-13 12:48:13 Workerman[start.php] has been stopped
2016-11-13 12:48:13 Workerman[start.php] stop success
2016-11-13 14:05:47 Workerman[start.php] restart 
2016-11-13 14:05:47 Workerman[start.php] is stoping ...
2016-11-13 14:05:47 Workerman[start.php] Stopping ...
2016-11-13 14:05:47 Workerman[start.php] has been stopped
2016-11-13 14:05:47 Workerman[start.php] stop success
2016-11-13 14:21:21 Workerman[start.php] restart 
2016-11-13 14:21:21 Workerman[start.php] is stoping ...
2016-11-13 14:21:21 Workerman[start.php] Stopping ...
2016-11-13 14:21:21 Workerman[start.php] has been stopped
2016-11-13 14:21:21 Workerman[start.php] stop success
2016-11-13 14:31:36 Workerman[start.php] restart 
2016-11-13 14:31:36 Workerman[start.php] is stoping ...
2016-11-13 14:31:36 Workerman[start.php] Stopping ...
2016-11-13 14:31:36 Workerman[start.php] has been stopped
2016-11-13 14:31:36 Workerman[start.php] stop success
2016-11-13 14:35:15 Workerman[start.php] restart 
2016-11-13 14:35:15 Workerman[start.php] is stoping ...
2016-11-13 14:35:15 Workerman[start.php] Stopping ...
2016-11-13 14:35:15 Workerman[start.php] has been stopped
2016-11-13 14:35:15 Workerman[start.php] stop success
2016-11-13 14:41:36 Workerman[start.php] restart 
2016-11-13 14:41:36 Workerman[start.php] is stoping ...
2016-11-13 14:41:36 Workerman[start.php] Stopping ...
2016-11-13 14:41:36 Workerman[start.php] has been stopped
2016-11-13 14:41:36 Workerman[start.php] stop success
2016-11-13 14:50:48 Workerman[start.php] restart 
2016-11-13 14:50:48 Workerman[start.php] is stoping ...
2016-11-13 14:50:48 Workerman[start.php] Stopping ...
2016-11-13 14:50:48 Workerman[start.php] has been stopped
2016-11-13 14:50:48 Workerman[start.php] stop success
2016-11-13 14:54:56 Workerman[start.php] restart 
2016-11-13 14:54:56 Workerman[start.php] is stoping ...
2016-11-13 14:54:56 Workerman[start.php] Stopping ...
2016-11-13 14:54:56 Workerman[start.php] has been stopped
2016-11-13 14:54:56 Workerman[start.php] stop success
2016-11-13 14:56:09 Workerman[start.php] restart 
2016-11-13 14:56:09 Workerman[start.php] is stoping ...
2016-11-13 14:56:09 Workerman[start.php] Stopping ...
2016-11-13 14:56:09 Workerman[start.php] has been stopped
2016-11-13 14:56:09 Workerman[start.php] stop success
2016-11-13 15:45:06 Workerman[start.php] restart 
2016-11-13 15:45:06 Workerman[start.php] is stoping ...
2016-11-13 15:45:06 Workerman[start.php] Stopping ...
2016-11-13 15:45:06 Workerman[start.php] has been stopped
2016-11-13 15:45:06 Workerman[start.php] stop success
2016-11-13 15:50:09 Workerman[start.php] restart 
2016-11-13 15:50:09 Workerman[start.php] is stoping ...
2016-11-13 15:50:09 Workerman[start.php] Stopping ...
2016-11-13 15:50:09 Workerman[start.php] has been stopped
2016-11-13 15:50:09 Workerman[start.php] stop success
2016-11-13 15:54:09 Workerman[start.php] restart 
2016-11-13 15:54:09 Workerman[start.php] is stoping ...
2016-11-13 15:54:09 Workerman[start.php] Stopping ...
2016-11-13 15:54:09 SendBufferToWorker fail. The connections between Gateway and BusinessWorker are not ready
2016-11-13 15:54:09 SendBufferToWorker fail. The connections between Gateway and BusinessWorker are not ready
2016-11-13 15:54:09 Workerman[start.php] has been stopped
2016-11-13 15:54:09 Workerman[start.php] stop success
2016-11-13 15:55:50 Workerman[start.php] restart 
2016-11-13 15:55:50 Workerman[start.php] is stoping ...
2016-11-13 15:55:50 Workerman[start.php] Stopping ...
2016-11-13 15:55:50 Workerman[start.php] has been stopped
2016-11-13 15:55:50 Workerman[start.php] stop success
2016-11-13 16:11:50 Workerman[start.php] restart 
2016-11-13 16:11:50 Workerman[start.php] is stoping ...
2016-11-13 16:11:50 Workerman[start.php] Stopping ...
2016-11-13 16:11:50 Workerman[start.php] has been stopped
2016-11-13 16:11:50 Workerman[start.php] stop success
2016-11-13 16:58:03 Workerman[start.php] restart 
2016-11-13 16:58:03 Workerman[start.php] is stoping ...
2016-11-13 16:58:03 Workerman[start.php] Stopping ...
2016-11-13 16:58:03 Workerman[start.php] has been stopped
2016-11-13 16:58:03 Workerman[start.php] stop success
2016-11-13 17:47:16 Workerman[start.php] restart 
2016-11-13 17:47:16 Workerman[start.php] is stoping ...
2016-11-13 17:47:16 Workerman[start.php] Stopping ...
2016-11-13 17:47:16 Workerman[start.php] has been stopped
2016-11-13 17:47:16 Workerman[start.php] stop success
2016-11-13 18:32:43 Workerman[start.php] restart 
2016-11-13 18:32:43 Workerman[start.php] is stoping ...
2016-11-13 18:32:43 Workerman[start.php] Stopping ...
2016-11-13 18:32:43 Workerman[start.php] has been stopped
2016-11-13 18:32:43 Workerman[start.php] stop success
2016-11-14 10:56:41 Workerman[start.php] restart 
2016-11-14 10:56:41 Workerman[start.php] is stoping ...
2016-11-14 10:56:41 Workerman[start.php] Stopping ...
2016-11-14 10:56:41 Workerman[start.php] has been stopped
2016-11-14 10:56:41 Workerman[start.php] stop success
2016-11-27 11:18:08 Workerman[start.php] start in DAEMON mode
2016-12-02 16:05:49 Workerman[start.php] restart 
2016-12-02 16:05:49 Workerman[start.php] is stoping ...
2016-12-02 16:05:49 Workerman[start.php] Stopping ...
2016-12-02 16:05:49 Workerman[start.php] has been stopped
2016-12-02 16:05:49 Workerman[start.php] stop success
2017-01-20 01:16:02 Workerman[start.php] start in DAEMON mode
2017-01-20 01:19:12 Workerman[start.php] start in DAEMON mode
2017-05-22 12:11:50 Workerman[start.php] start in DAEMON mode
2018-01-24 22:23:49 Workerman[start.php] start in DAEMON mode
2018-01-24 22:32:23 Workerman[start.php] status 
